{"/Applications/MAMP/htdocs/BackEndProject/controllers/groupController.js":{"path":"/Applications/MAMP/htdocs/BackEndProject/controllers/groupController.js","s":{"1":1,"2":1,"3":1,"4":1,"5":0,"6":0,"7":0,"8":0,"9":0,"10":0,"11":0,"12":0,"13":0,"14":0,"15":0,"16":0,"17":0,"18":0,"19":0,"20":0,"21":0,"22":0,"23":0,"24":0,"25":0,"26":0,"27":0,"28":0,"29":0,"30":0,"31":0,"32":0,"33":0,"34":0,"35":0,"36":0,"37":0,"38":0,"39":0,"40":0,"41":0,"42":0,"43":0,"44":0,"45":0,"46":0,"47":0,"48":0,"49":0,"50":0,"51":0,"52":0,"53":0,"54":0,"55":0,"56":0,"57":0,"58":0,"59":0,"60":0,"61":0},"b":{"1":[0,0],"2":[0,0,0],"3":[0,0]},"f":{"1":0,"2":0,"3":0,"4":0,"5":0,"6":0,"7":0,"8":0,"9":0,"10":0,"11":0,"12":0,"13":0,"14":0,"15":0,"16":0,"17":0,"18":0,"19":0,"20":0,"21":0,"22":0,"23":0,"24":0},"fnMap":{"1":{"name":"(anonymous_1)","line":6,"loc":{"start":{"line":6,"column":15},"end":{"line":6,"column":19}}},"2":{"name":"(anonymous_2)","line":9,"loc":{"start":{"line":9,"column":15},"end":{"line":9,"column":24}}},"3":{"name":"(anonymous_3)","line":19,"loc":{"start":{"line":19,"column":13},"end":{"line":19,"column":22}}},"4":{"name":"(anonymous_4)","line":23,"loc":{"start":{"line":23,"column":14},"end":{"line":23,"column":23}}},"5":{"name":"(anonymous_5)","line":29,"loc":{"start":{"line":29,"column":16},"end":{"line":29,"column":25}}},"6":{"name":"(anonymous_6)","line":34,"loc":{"start":{"line":34,"column":17},"end":{"line":34,"column":26}}},"7":{"name":"(anonymous_7)","line":40,"loc":{"start":{"line":40,"column":12},"end":{"line":40,"column":21}}},"8":{"name":"(anonymous_8)","line":69,"loc":{"start":{"line":69,"column":16},"end":{"line":69,"column":25}}},"9":{"name":"(anonymous_9)","line":77,"loc":{"start":{"line":77,"column":19},"end":{"line":77,"column":28}}},"10":{"name":"(anonymous_10)","line":86,"loc":{"start":{"line":86,"column":28},"end":{"line":86,"column":37}}},"11":{"name":"(anonymous_11)","line":95,"loc":{"start":{"line":95,"column":23},"end":{"line":95,"column":32}}},"12":{"name":"(anonymous_12)","line":104,"loc":{"start":{"line":104,"column":25},"end":{"line":104,"column":34}}},"13":{"name":"(anonymous_13)","line":107,"loc":{"start":{"line":107,"column":29},"end":{"line":107,"column":38}}},"14":{"name":"(anonymous_14)","line":110,"loc":{"start":{"line":110,"column":25},"end":{"line":110,"column":34}}},"15":{"name":"(anonymous_15)","line":113,"loc":{"start":{"line":113,"column":27},"end":{"line":113,"column":36}}},"16":{"name":"(anonymous_16)","line":122,"loc":{"start":{"line":122,"column":23},"end":{"line":122,"column":32}}},"17":{"name":"(anonymous_17)","line":131,"loc":{"start":{"line":131,"column":25},"end":{"line":131,"column":34}}},"18":{"name":"(anonymous_18)","line":134,"loc":{"start":{"line":134,"column":25},"end":{"line":134,"column":34}}},"19":{"name":"(anonymous_19)","line":137,"loc":{"start":{"line":137,"column":15},"end":{"line":137,"column":24}}},"20":{"name":"(anonymous_20)","line":141,"loc":{"start":{"line":141,"column":26},"end":{"line":141,"column":35}}},"21":{"name":"(anonymous_21)","line":150,"loc":{"start":{"line":150,"column":32},"end":{"line":150,"column":41}}},"22":{"name":"(anonymous_22)","line":158,"loc":{"start":{"line":158,"column":29},"end":{"line":158,"column":38}}},"23":{"name":"(anonymous_23)","line":159,"loc":{"start":{"line":159,"column":26},"end":{"line":159,"column":35}}},"24":{"name":"(anonymous_24)","line":168,"loc":{"start":{"line":168,"column":32},"end":{"line":168,"column":41}}}},"statementMap":{"1":{"start":{"line":1,"column":0},"end":{"line":1,"column":56}},"2":{"start":{"line":2,"column":0},"end":{"line":2,"column":52}},"3":{"start":{"line":3,"column":0},"end":{"line":3,"column":17}},"4":{"start":{"line":5,"column":0},"end":{"line":177,"column":1}},"5":{"start":{"line":7,"column":8},"end":{"line":7,"column":44}},"6":{"start":{"line":10,"column":8},"end":{"line":16,"column":10}},"7":{"start":{"line":12,"column":12},"end":{"line":12,"column":41}},"8":{"start":{"line":15,"column":12},"end":{"line":15,"column":66}},"9":{"start":{"line":20,"column":8},"end":{"line":20,"column":31}},"10":{"start":{"line":24,"column":8},"end":{"line":26,"column":86}},"11":{"start":{"line":25,"column":30},"end":{"line":25,"column":59}},"12":{"start":{"line":26,"column":30},"end":{"line":26,"column":84}},"13":{"start":{"line":30,"column":8},"end":{"line":32,"column":86}},"14":{"start":{"line":31,"column":30},"end":{"line":31,"column":55}},"15":{"start":{"line":32,"column":30},"end":{"line":32,"column":84}},"16":{"start":{"line":35,"column":8},"end":{"line":37,"column":86}},"17":{"start":{"line":36,"column":30},"end":{"line":36,"column":55}},"18":{"start":{"line":37,"column":30},"end":{"line":37,"column":84}},"19":{"start":{"line":41,"column":8},"end":{"line":44,"column":9}},"20":{"start":{"line":42,"column":12},"end":{"line":42,"column":35}},"21":{"start":{"line":43,"column":12},"end":{"line":43,"column":131}},"22":{"start":{"line":45,"column":8},"end":{"line":45,"column":23}},"23":{"start":{"line":46,"column":8},"end":{"line":46,"column":58}},"24":{"start":{"line":47,"column":8},"end":{"line":51,"column":11}},"25":{"start":{"line":48,"column":12},"end":{"line":50,"column":13}},"26":{"start":{"line":49,"column":16},"end":{"line":49,"column":59}},"27":{"start":{"line":54,"column":8},"end":{"line":59,"column":11}},"28":{"start":{"line":60,"column":8},"end":{"line":67,"column":11}},"29":{"start":{"line":62,"column":12},"end":{"line":62,"column":28}},"30":{"start":{"line":65,"column":12},"end":{"line":65,"column":28}},"31":{"start":{"line":66,"column":12},"end":{"line":66,"column":53}},"32":{"start":{"line":70,"column":8},"end":{"line":74,"column":10}},"33":{"start":{"line":71,"column":12},"end":{"line":71,"column":41}},"34":{"start":{"line":73,"column":12},"end":{"line":73,"column":65}},"35":{"start":{"line":78,"column":8},"end":{"line":84,"column":10}},"36":{"start":{"line":80,"column":12},"end":{"line":80,"column":37}},"37":{"start":{"line":83,"column":12},"end":{"line":83,"column":65}},"38":{"start":{"line":87,"column":8},"end":{"line":93,"column":10}},"39":{"start":{"line":89,"column":12},"end":{"line":89,"column":36}},"40":{"start":{"line":92,"column":12},"end":{"line":92,"column":65}},"41":{"start":{"line":96,"column":8},"end":{"line":102,"column":10}},"42":{"start":{"line":98,"column":12},"end":{"line":98,"column":48}},"43":{"start":{"line":101,"column":12},"end":{"line":101,"column":65}},"44":{"start":{"line":114,"column":8},"end":{"line":120,"column":10}},"45":{"start":{"line":116,"column":12},"end":{"line":116,"column":36}},"46":{"start":{"line":119,"column":12},"end":{"line":119,"column":65}},"47":{"start":{"line":123,"column":8},"end":{"line":129,"column":14}},"48":{"start":{"line":125,"column":16},"end":{"line":125,"column":50}},"49":{"start":{"line":128,"column":16},"end":{"line":128,"column":69}},"50":{"start":{"line":142,"column":8},"end":{"line":148,"column":14}},"51":{"start":{"line":144,"column":16},"end":{"line":144,"column":40}},"52":{"start":{"line":147,"column":16},"end":{"line":147,"column":69}},"53":{"start":{"line":151,"column":8},"end":{"line":156,"column":10}},"54":{"start":{"line":152,"column":12},"end":{"line":152,"column":36}},"55":{"start":{"line":155,"column":12},"end":{"line":155,"column":65}},"56":{"start":{"line":160,"column":8},"end":{"line":166,"column":14}},"57":{"start":{"line":162,"column":16},"end":{"line":162,"column":40}},"58":{"start":{"line":165,"column":16},"end":{"line":165,"column":69}},"59":{"start":{"line":169,"column":8},"end":{"line":174,"column":10}},"60":{"start":{"line":170,"column":12},"end":{"line":170,"column":36}},"61":{"start":{"line":173,"column":12},"end":{"line":173,"column":65}}},"branchMap":{"1":{"line":41,"type":"if","locations":[{"start":{"line":41,"column":8},"end":{"line":41,"column":8}},{"start":{"line":41,"column":8},"end":{"line":41,"column":8}}]},"2":{"line":41,"type":"binary-expr","locations":[{"start":{"line":41,"column":11},"end":{"line":41,"column":38}},{"start":{"line":41,"column":42},"end":{"line":41,"column":64}},{"start":{"line":41,"column":68},"end":{"line":41,"column":88}}]},"3":{"line":48,"type":"if","locations":[{"start":{"line":48,"column":12},"end":{"line":48,"column":12}},{"start":{"line":48,"column":12},"end":{"line":48,"column":12}}]}}},"/Applications/MAMP/htdocs/BackEndProject/service/GroupService.js":{"path":"/Applications/MAMP/htdocs/BackEndProject/service/GroupService.js","s":{"1":1,"2":1,"3":1,"4":1,"5":0,"6":0,"7":0,"8":0,"9":0,"10":0,"11":0,"12":0,"13":0,"14":0,"15":0,"16":0,"17":0,"18":0,"19":0,"20":0,"21":0,"22":0,"23":0,"24":0,"25":0,"26":0,"27":0,"28":0,"29":0,"30":0,"31":0,"32":0,"33":0,"34":0,"35":0,"36":0,"37":0,"38":0,"39":0,"40":0,"41":0,"42":0,"43":0,"44":0,"45":0,"46":0,"47":0,"48":0,"49":0,"50":0,"51":0,"52":0,"53":0,"54":0,"55":0,"56":0,"57":0,"58":0,"59":0,"60":0,"61":0,"62":0,"63":0,"64":0,"65":0,"66":0,"67":0,"68":0,"69":0,"70":0,"71":0,"72":0,"73":0,"74":0,"75":0,"76":0,"77":0,"78":0,"79":0,"80":0,"81":0,"82":0,"83":0,"84":0,"85":0,"86":0,"87":0,"88":0,"89":0,"90":0,"91":0,"92":0,"93":0,"94":0,"95":0,"96":0,"97":0,"98":0,"99":0,"100":0,"101":0,"102":0,"103":0,"104":0,"105":0,"106":0,"107":0,"108":0,"109":0,"110":0,"111":0,"112":0,"113":0,"114":0,"115":0,"116":0,"117":0,"118":0,"119":0,"120":0,"121":0},"b":{},"f":{"1":0,"2":0,"3":0,"4":0,"5":0,"6":0,"7":0,"8":0,"9":0,"10":0,"11":0,"12":0,"13":0,"14":0,"15":0,"16":0,"17":0,"18":0,"19":0,"20":0,"21":0,"22":0,"23":0},"fnMap":{"1":{"name":"(anonymous_1)","line":6,"loc":{"start":{"line":6,"column":15},"end":{"line":6,"column":20}}},"2":{"name":"(anonymous_2)","line":12,"loc":{"start":{"line":12,"column":13},"end":{"line":12,"column":22}}},"3":{"name":"(anonymous_3)","line":21,"loc":{"start":{"line":21,"column":14},"end":{"line":21,"column":23}}},"4":{"name":"(anonymous_4)","line":29,"loc":{"start":{"line":29,"column":16},"end":{"line":29,"column":34}}},"5":{"name":"(anonymous_5)","line":41,"loc":{"start":{"line":41,"column":17},"end":{"line":41,"column":35}}},"6":{"name":"(anonymous_6)","line":53,"loc":{"start":{"line":53,"column":12},"end":{"line":53,"column":22}}},"7":{"name":"(anonymous_7)","line":62,"loc":{"start":{"line":62,"column":15},"end":{"line":62,"column":31}}},"8":{"name":"(anonymous_8)","line":88,"loc":{"start":{"line":88,"column":31},"end":{"line":88,"column":54}}},"9":{"name":"(anonymous_9)","line":104,"loc":{"start":{"line":104,"column":19},"end":{"line":104,"column":38}}},"10":{"name":"(anonymous_10)","line":117,"loc":{"start":{"line":117,"column":28},"end":{"line":117,"column":38}}},"11":{"name":"(anonymous_11)","line":129,"loc":{"start":{"line":129,"column":23},"end":{"line":129,"column":47}}},"12":{"name":"(anonymous_12)","line":151,"loc":{"start":{"line":151,"column":24},"end":{"line":151,"column":48}}},"13":{"name":"(anonymous_13)","line":164,"loc":{"start":{"line":164,"column":25},"end":{"line":164,"column":41}}},"14":{"name":"(anonymous_14)","line":181,"loc":{"start":{"line":181,"column":27},"end":{"line":181,"column":37}}},"15":{"name":"(anonymous_15)","line":193,"loc":{"start":{"line":193,"column":23},"end":{"line":193,"column":39}}},"16":{"name":"(anonymous_16)","line":211,"loc":{"start":{"line":211,"column":24},"end":{"line":211,"column":44}}},"17":{"name":"(anonymous_17)","line":224,"loc":{"start":{"line":224,"column":26},"end":{"line":224,"column":56}}},"18":{"name":"(anonymous_18)","line":236,"loc":{"start":{"line":236,"column":32},"end":{"line":236,"column":62}}},"19":{"name":"(anonymous_19)","line":248,"loc":{"start":{"line":248,"column":26},"end":{"line":248,"column":56}}},"20":{"name":"(anonymous_20)","line":260,"loc":{"start":{"line":260,"column":32},"end":{"line":260,"column":62}}},"21":{"name":"(anonymous_21)","line":272,"loc":{"start":{"line":272,"column":15},"end":{"line":272,"column":34}}},"22":{"name":"(anonymous_22)","line":286,"loc":{"start":{"line":286,"column":24},"end":{"line":286,"column":34}}},"23":{"name":"(anonymous_23)","line":298,"loc":{"start":{"line":298,"column":27},"end":{"line":298,"column":37}}}},"statementMap":{"1":{"start":{"line":1,"column":0},"end":{"line":1,"column":63}},"2":{"start":{"line":2,"column":0},"end":{"line":2,"column":48}},"3":{"start":{"line":3,"column":0},"end":{"line":3,"column":52}},"4":{"start":{"line":5,"column":0},"end":{"line":321,"column":2}},"5":{"start":{"line":7,"column":8},"end":{"line":7,"column":21}},"6":{"start":{"line":8,"column":8},"end":{"line":8,"column":53}},"7":{"start":{"line":9,"column":8},"end":{"line":9,"column":45}},"8":{"start":{"line":13,"column":8},"end":{"line":18,"column":11}},"9":{"start":{"line":14,"column":12},"end":{"line":14,"column":27}},"10":{"start":{"line":15,"column":12},"end":{"line":17,"column":47}},"11":{"start":{"line":16,"column":32},"end":{"line":16,"column":47}},"12":{"start":{"line":17,"column":32},"end":{"line":17,"column":45}},"13":{"start":{"line":22,"column":8},"end":{"line":26,"column":11}},"14":{"start":{"line":23,"column":12},"end":{"line":25,"column":47}},"15":{"start":{"line":24,"column":32},"end":{"line":24,"column":47}},"16":{"start":{"line":25,"column":32},"end":{"line":25,"column":45}},"17":{"start":{"line":30,"column":8},"end":{"line":38,"column":11}},"18":{"start":{"line":31,"column":12},"end":{"line":37,"column":18}},"19":{"start":{"line":33,"column":20},"end":{"line":33,"column":33}},"20":{"start":{"line":36,"column":20},"end":{"line":36,"column":32}},"21":{"start":{"line":42,"column":8},"end":{"line":50,"column":11}},"22":{"start":{"line":43,"column":12},"end":{"line":49,"column":18}},"23":{"start":{"line":45,"column":20},"end":{"line":45,"column":33}},"24":{"start":{"line":48,"column":20},"end":{"line":48,"column":32}},"25":{"start":{"line":54,"column":8},"end":{"line":59,"column":11}},"26":{"start":{"line":55,"column":12},"end":{"line":57,"column":47}},"27":{"start":{"line":56,"column":32},"end":{"line":56,"column":47}},"28":{"start":{"line":57,"column":32},"end":{"line":57,"column":45}},"29":{"start":{"line":63,"column":8},"end":{"line":85,"column":11}},"30":{"start":{"line":64,"column":12},"end":{"line":67,"column":14}},"31":{"start":{"line":70,"column":12},"end":{"line":84,"column":13}},"32":{"start":{"line":71,"column":16},"end":{"line":80,"column":23}},"33":{"start":{"line":73,"column":24},"end":{"line":73,"column":58}},"34":{"start":{"line":74,"column":24},"end":{"line":74,"column":51}},"35":{"start":{"line":75,"column":24},"end":{"line":75,"column":44}},"36":{"start":{"line":78,"column":24},"end":{"line":78,"column":43}},"37":{"start":{"line":79,"column":24},"end":{"line":79,"column":38}},"38":{"start":{"line":82,"column":16},"end":{"line":82,"column":37}},"39":{"start":{"line":83,"column":16},"end":{"line":83,"column":30}},"40":{"start":{"line":89,"column":8},"end":{"line":101,"column":11}},"41":{"start":{"line":91,"column":12},"end":{"line":97,"column":47}},"42":{"start":{"line":93,"column":20},"end":{"line":95,"column":22}},"43":{"start":{"line":94,"column":24},"end":{"line":94,"column":99}},"44":{"start":{"line":97,"column":32},"end":{"line":97,"column":45}},"45":{"start":{"line":100,"column":12},"end":{"line":100,"column":26}},"46":{"start":{"line":105,"column":8},"end":{"line":114,"column":11}},"47":{"start":{"line":106,"column":12},"end":{"line":106,"column":49}},"48":{"start":{"line":107,"column":12},"end":{"line":113,"column":18}},"49":{"start":{"line":109,"column":20},"end":{"line":109,"column":36}},"50":{"start":{"line":112,"column":20},"end":{"line":112,"column":34}},"51":{"start":{"line":118,"column":8},"end":{"line":126,"column":11}},"52":{"start":{"line":119,"column":12},"end":{"line":125,"column":18}},"53":{"start":{"line":121,"column":20},"end":{"line":121,"column":44}},"54":{"start":{"line":124,"column":20},"end":{"line":124,"column":34}},"55":{"start":{"line":130,"column":8},"end":{"line":148,"column":11}},"56":{"start":{"line":131,"column":12},"end":{"line":134,"column":14}},"57":{"start":{"line":135,"column":12},"end":{"line":147,"column":18}},"58":{"start":{"line":137,"column":20},"end":{"line":143,"column":26}},"59":{"start":{"line":139,"column":28},"end":{"line":139,"column":43}},"60":{"start":{"line":142,"column":28},"end":{"line":142,"column":42}},"61":{"start":{"line":146,"column":20},"end":{"line":146,"column":34}},"62":{"start":{"line":152,"column":8},"end":{"line":161,"column":11}},"63":{"start":{"line":153,"column":12},"end":{"line":160,"column":18}},"64":{"start":{"line":155,"column":20},"end":{"line":155,"column":79}},"65":{"start":{"line":158,"column":20},"end":{"line":158,"column":39}},"66":{"start":{"line":159,"column":20},"end":{"line":159,"column":34}},"67":{"start":{"line":165,"column":8},"end":{"line":178,"column":11}},"68":{"start":{"line":166,"column":12},"end":{"line":170,"column":14}},"69":{"start":{"line":171,"column":12},"end":{"line":177,"column":18}},"70":{"start":{"line":173,"column":20},"end":{"line":173,"column":36}},"71":{"start":{"line":176,"column":20},"end":{"line":176,"column":34}},"72":{"start":{"line":182,"column":8},"end":{"line":190,"column":11}},"73":{"start":{"line":183,"column":12},"end":{"line":189,"column":18}},"74":{"start":{"line":185,"column":20},"end":{"line":185,"column":44}},"75":{"start":{"line":188,"column":20},"end":{"line":188,"column":34}},"76":{"start":{"line":194,"column":8},"end":{"line":208,"column":11}},"77":{"start":{"line":195,"column":12},"end":{"line":207,"column":18}},"78":{"start":{"line":197,"column":20},"end":{"line":203,"column":26}},"79":{"start":{"line":199,"column":28},"end":{"line":199,"column":43}},"80":{"start":{"line":202,"column":28},"end":{"line":202,"column":42}},"81":{"start":{"line":206,"column":20},"end":{"line":206,"column":34}},"82":{"start":{"line":212,"column":8},"end":{"line":221,"column":11}},"83":{"start":{"line":213,"column":12},"end":{"line":220,"column":18}},"84":{"start":{"line":215,"column":20},"end":{"line":215,"column":79}},"85":{"start":{"line":218,"column":20},"end":{"line":218,"column":39}},"86":{"start":{"line":219,"column":20},"end":{"line":219,"column":34}},"87":{"start":{"line":225,"column":8},"end":{"line":233,"column":11}},"88":{"start":{"line":226,"column":12},"end":{"line":232,"column":18}},"89":{"start":{"line":228,"column":20},"end":{"line":228,"column":36}},"90":{"start":{"line":231,"column":20},"end":{"line":231,"column":34}},"91":{"start":{"line":237,"column":8},"end":{"line":245,"column":10}},"92":{"start":{"line":238,"column":12},"end":{"line":244,"column":18}},"93":{"start":{"line":240,"column":20},"end":{"line":240,"column":36}},"94":{"start":{"line":243,"column":20},"end":{"line":243,"column":34}},"95":{"start":{"line":249,"column":8},"end":{"line":257,"column":11}},"96":{"start":{"line":250,"column":12},"end":{"line":256,"column":18}},"97":{"start":{"line":252,"column":20},"end":{"line":252,"column":36}},"98":{"start":{"line":255,"column":20},"end":{"line":255,"column":34}},"99":{"start":{"line":261,"column":8},"end":{"line":269,"column":10}},"100":{"start":{"line":262,"column":12},"end":{"line":268,"column":18}},"101":{"start":{"line":264,"column":20},"end":{"line":264,"column":36}},"102":{"start":{"line":267,"column":20},"end":{"line":267,"column":34}},"103":{"start":{"line":273,"column":8},"end":{"line":283,"column":11}},"104":{"start":{"line":275,"column":12},"end":{"line":281,"column":19}},"105":{"start":{"line":277,"column":20},"end":{"line":277,"column":36}},"106":{"start":{"line":280,"column":20},"end":{"line":280,"column":34}},"107":{"start":{"line":287,"column":8},"end":{"line":295,"column":11}},"108":{"start":{"line":288,"column":12},"end":{"line":294,"column":18}},"109":{"start":{"line":290,"column":20},"end":{"line":290,"column":33}},"110":{"start":{"line":293,"column":20},"end":{"line":293,"column":32}},"111":{"start":{"line":299,"column":8},"end":{"line":319,"column":11}},"112":{"start":{"line":301,"column":12},"end":{"line":318,"column":47}},"113":{"start":{"line":303,"column":20},"end":{"line":303,"column":38}},"114":{"start":{"line":304,"column":20},"end":{"line":307,"column":23}},"115":{"start":{"line":305,"column":24},"end":{"line":305,"column":82}},"116":{"start":{"line":308,"column":20},"end":{"line":316,"column":27}},"117":{"start":{"line":309,"column":24},"end":{"line":309,"column":39}},"118":{"start":{"line":310,"column":24},"end":{"line":312,"column":27}},"119":{"start":{"line":311,"column":28},"end":{"line":311,"column":45}},"120":{"start":{"line":313,"column":24},"end":{"line":313,"column":39}},"121":{"start":{"line":318,"column":32},"end":{"line":318,"column":45}}},"branchMap":{}},"/Applications/MAMP/htdocs/BackEndProject/repository/GroupRepository.js":{"path":"/Applications/MAMP/htdocs/BackEndProject/repository/GroupRepository.js","s":{"1":1,"2":1,"3":1,"4":0,"5":0,"6":0,"7":0,"8":0,"9":1,"10":1,"11":0,"12":0,"13":0,"14":0,"15":0,"16":0,"17":0,"18":0,"19":0,"20":0,"21":0,"22":0,"23":0,"24":0,"25":0,"26":0,"27":0,"28":0,"29":0,"30":0,"31":0,"32":0,"33":0,"34":0,"35":0,"36":0,"37":0,"38":0,"39":0,"40":0,"41":0,"42":0,"43":0,"44":0,"45":0,"46":0,"47":0,"48":0,"49":0,"50":0,"51":0,"52":0,"53":0,"54":0,"55":0,"56":0,"57":0,"58":0,"59":0,"60":0,"61":0,"62":0,"63":0,"64":0,"65":0,"66":0,"67":0,"68":0,"69":0,"70":0,"71":0,"72":0,"73":0,"74":0,"75":0,"76":0,"77":0,"78":0,"79":0,"80":0,"81":0,"82":0,"83":0,"84":0,"85":0,"86":0,"87":0,"88":0,"89":0,"90":0,"91":0,"92":0,"93":0,"94":0,"95":0,"96":0,"97":0,"98":0,"99":0,"100":0,"101":0,"102":0,"103":0,"104":0,"105":0,"106":0,"107":0,"108":0,"109":0,"110":0,"111":0,"112":0,"113":0,"114":0,"115":0,"116":0,"117":0,"118":0,"119":0,"120":0,"121":0,"122":0,"123":0,"124":0,"125":0,"126":0,"127":0,"128":0,"129":0,"130":0,"131":0,"132":0,"133":0,"134":0,"135":0},"b":{"1":[0,0],"2":[0,0],"3":[0,0],"4":[0,0],"5":[0,0],"6":[0,0],"7":[0,0],"8":[0,0],"9":[0,0],"10":[0,0],"11":[0,0],"12":[0,0],"13":[0,0],"14":[0,0],"15":[0,0],"16":[0,0],"17":[0,0],"18":[0,0],"19":[0,0],"20":[0,0],"21":[0,0]},"f":{"1":1,"2":0,"3":1,"4":0,"5":0,"6":0,"7":0,"8":0,"9":0,"10":0,"11":0,"12":0,"13":0,"14":0,"15":0,"16":0,"17":0,"18":0,"19":0,"20":0,"21":0,"22":0,"23":0,"24":0,"25":0,"26":0,"27":0,"28":0},"fnMap":{"1":{"name":"(anonymous_1)","line":5,"loc":{"start":{"line":5,"column":15},"end":{"line":5,"column":18}}},"2":{"name":"(anonymous_2)","line":7,"loc":{"start":{"line":7,"column":13},"end":{"line":7,"column":22}}},"3":{"name":"(anonymous_3)","line":30,"loc":{"start":{"line":30,"column":14},"end":{"line":30,"column":22}}},"4":{"name":"(anonymous_4)","line":44,"loc":{"start":{"line":44,"column":16},"end":{"line":44,"column":32}}},"5":{"name":"(anonymous_5)","line":54,"loc":{"start":{"line":54,"column":20},"end":{"line":54,"column":40}}},"6":{"name":"(anonymous_6)","line":67,"loc":{"start":{"line":67,"column":17},"end":{"line":67,"column":33}}},"7":{"name":"(anonymous_7)","line":73,"loc":{"start":{"line":73,"column":20},"end":{"line":73,"column":40}}},"8":{"name":"(anonymous_8)","line":86,"loc":{"start":{"line":86,"column":12},"end":{"line":86,"column":22}}},"9":{"name":"(anonymous_9)","line":111,"loc":{"start":{"line":111,"column":15},"end":{"line":111,"column":23}}},"10":{"name":"(anonymous_10)","line":127,"loc":{"start":{"line":127,"column":19},"end":{"line":127,"column":46}}},"11":{"name":"(anonymous_11)","line":130,"loc":{"start":{"line":130,"column":71},"end":{"line":130,"column":91}}},"12":{"name":"(anonymous_12)","line":143,"loc":{"start":{"line":143,"column":23},"end":{"line":143,"column":43}}},"13":{"name":"(anonymous_13)","line":149,"loc":{"start":{"line":149,"column":20},"end":{"line":149,"column":40}}},"14":{"name":"(anonymous_14)","line":162,"loc":{"start":{"line":162,"column":24},"end":{"line":162,"column":46}}},"15":{"name":"(anonymous_15)","line":181,"loc":{"start":{"line":181,"column":25},"end":{"line":181,"column":45}}},"16":{"name":"(anonymous_16)","line":191,"loc":{"start":{"line":191,"column":20},"end":{"line":191,"column":40}}},"17":{"name":"(anonymous_17)","line":204,"loc":{"start":{"line":204,"column":23},"end":{"line":204,"column":39}}},"18":{"name":"(anonymous_18)","line":210,"loc":{"start":{"line":210,"column":20},"end":{"line":210,"column":40}}},"19":{"name":"(anonymous_19)","line":223,"loc":{"start":{"line":223,"column":24},"end":{"line":223,"column":42}}},"20":{"name":"(anonymous_20)","line":241,"loc":{"start":{"line":241,"column":26},"end":{"line":241,"column":56}}},"21":{"name":"(anonymous_21)","line":247,"loc":{"start":{"line":247,"column":20},"end":{"line":247,"column":42}}},"22":{"name":"(anonymous_22)","line":301,"loc":{"start":{"line":301,"column":32},"end":{"line":301,"column":62}}},"23":{"name":"(anonymous_23)","line":342,"loc":{"start":{"line":342,"column":26},"end":{"line":342,"column":56}}},"24":{"name":"(anonymous_24)","line":348,"loc":{"start":{"line":348,"column":20},"end":{"line":348,"column":42}}},"25":{"name":"(anonymous_25)","line":402,"loc":{"start":{"line":402,"column":32},"end":{"line":402,"column":62}}},"26":{"name":"(anonymous_26)","line":444,"loc":{"start":{"line":444,"column":21},"end":{"line":444,"column":39}}},"27":{"name":"(anonymous_27)","line":459,"loc":{"start":{"line":459,"column":24},"end":{"line":459,"column":34}}},"28":{"name":"(anonymous_28)","line":474,"loc":{"start":{"line":474,"column":19},"end":{"line":474,"column":29}}}},"statementMap":{"1":{"start":{"line":1,"column":0},"end":{"line":1,"column":48}},"2":{"start":{"line":2,"column":0},"end":{"line":2,"column":35}},"3":{"start":{"line":4,"column":0},"end":{"line":489,"column":2}},"4":{"start":{"line":9,"column":8},"end":{"line":27,"column":11}},"5":{"start":{"line":10,"column":12},"end":{"line":26,"column":15}},"6":{"start":{"line":22,"column":16},"end":{"line":24,"column":17}},"7":{"start":{"line":23,"column":20},"end":{"line":23,"column":34}},"8":{"start":{"line":25,"column":16},"end":{"line":25,"column":33}},"9":{"start":{"line":31,"column":8},"end":{"line":41,"column":11}},"10":{"start":{"line":32,"column":12},"end":{"line":40,"column":15}},"11":{"start":{"line":36,"column":16},"end":{"line":38,"column":17}},"12":{"start":{"line":37,"column":20},"end":{"line":37,"column":34}},"13":{"start":{"line":39,"column":16},"end":{"line":39,"column":33}},"14":{"start":{"line":45,"column":8},"end":{"line":64,"column":11}},"15":{"start":{"line":46,"column":12},"end":{"line":63,"column":13}},"16":{"start":{"line":47,"column":16},"end":{"line":60,"column":17}},"17":{"start":{"line":55,"column":24},"end":{"line":57,"column":25}},"18":{"start":{"line":56,"column":28},"end":{"line":56,"column":40}},"19":{"start":{"line":58,"column":24},"end":{"line":58,"column":37}},"20":{"start":{"line":62,"column":16},"end":{"line":62,"column":30}},"21":{"start":{"line":68,"column":8},"end":{"line":83,"column":11}},"22":{"start":{"line":69,"column":12},"end":{"line":82,"column":13}},"23":{"start":{"line":70,"column":16},"end":{"line":79,"column":17}},"24":{"start":{"line":74,"column":24},"end":{"line":76,"column":25}},"25":{"start":{"line":75,"column":28},"end":{"line":75,"column":40}},"26":{"start":{"line":77,"column":24},"end":{"line":77,"column":37}},"27":{"start":{"line":81,"column":16},"end":{"line":81,"column":30}},"28":{"start":{"line":87,"column":8},"end":{"line":108,"column":11}},"29":{"start":{"line":88,"column":12},"end":{"line":106,"column":15}},"30":{"start":{"line":101,"column":16},"end":{"line":103,"column":17}},"31":{"start":{"line":102,"column":20},"end":{"line":102,"column":34}},"32":{"start":{"line":105,"column":16},"end":{"line":105,"column":32}},"33":{"start":{"line":112,"column":8},"end":{"line":124,"column":11}},"34":{"start":{"line":113,"column":12},"end":{"line":123,"column":13}},"35":{"start":{"line":114,"column":16},"end":{"line":120,"column":19}},"36":{"start":{"line":115,"column":20},"end":{"line":119,"column":21}},"37":{"start":{"line":116,"column":24},"end":{"line":116,"column":38}},"38":{"start":{"line":118,"column":24},"end":{"line":118,"column":43}},"39":{"start":{"line":122,"column":16},"end":{"line":122,"column":30}},"40":{"start":{"line":128,"column":8},"end":{"line":139,"column":10}},"41":{"start":{"line":129,"column":12},"end":{"line":138,"column":13}},"42":{"start":{"line":130,"column":16},"end":{"line":135,"column":19}},"43":{"start":{"line":131,"column":20},"end":{"line":133,"column":21}},"44":{"start":{"line":132,"column":24},"end":{"line":132,"column":36}},"45":{"start":{"line":134,"column":20},"end":{"line":134,"column":33}},"46":{"start":{"line":137,"column":16},"end":{"line":137,"column":30}},"47":{"start":{"line":144,"column":8},"end":{"line":159,"column":10}},"48":{"start":{"line":145,"column":12},"end":{"line":158,"column":13}},"49":{"start":{"line":146,"column":16},"end":{"line":155,"column":17}},"50":{"start":{"line":150,"column":24},"end":{"line":152,"column":25}},"51":{"start":{"line":151,"column":28},"end":{"line":151,"column":40}},"52":{"start":{"line":153,"column":24},"end":{"line":153,"column":37}},"53":{"start":{"line":157,"column":16},"end":{"line":157,"column":30}},"54":{"start":{"line":163,"column":8},"end":{"line":178,"column":10}},"55":{"start":{"line":164,"column":12},"end":{"line":177,"column":13}},"56":{"start":{"line":165,"column":16},"end":{"line":174,"column":22}},"57":{"start":{"line":169,"column":24},"end":{"line":171,"column":25}},"58":{"start":{"line":170,"column":28},"end":{"line":170,"column":42}},"59":{"start":{"line":173,"column":24},"end":{"line":173,"column":41}},"60":{"start":{"line":176,"column":16},"end":{"line":176,"column":30}},"61":{"start":{"line":182,"column":8},"end":{"line":201,"column":11}},"62":{"start":{"line":183,"column":12},"end":{"line":200,"column":13}},"63":{"start":{"line":184,"column":16},"end":{"line":197,"column":17}},"64":{"start":{"line":192,"column":24},"end":{"line":194,"column":25}},"65":{"start":{"line":193,"column":28},"end":{"line":193,"column":40}},"66":{"start":{"line":195,"column":24},"end":{"line":195,"column":37}},"67":{"start":{"line":199,"column":16},"end":{"line":199,"column":30}},"68":{"start":{"line":205,"column":8},"end":{"line":220,"column":11}},"69":{"start":{"line":206,"column":12},"end":{"line":219,"column":13}},"70":{"start":{"line":207,"column":16},"end":{"line":216,"column":22}},"71":{"start":{"line":211,"column":24},"end":{"line":214,"column":25}},"72":{"start":{"line":212,"column":28},"end":{"line":212,"column":40}},"73":{"start":{"line":213,"column":28},"end":{"line":213,"column":45}},"74":{"start":{"line":215,"column":24},"end":{"line":215,"column":37}},"75":{"start":{"line":218,"column":16},"end":{"line":218,"column":30}},"76":{"start":{"line":224,"column":8},"end":{"line":238,"column":10}},"77":{"start":{"line":225,"column":12},"end":{"line":237,"column":13}},"78":{"start":{"line":226,"column":16},"end":{"line":234,"column":18}},"79":{"start":{"line":230,"column":20},"end":{"line":232,"column":21}},"80":{"start":{"line":231,"column":24},"end":{"line":231,"column":38}},"81":{"start":{"line":233,"column":20},"end":{"line":233,"column":37}},"82":{"start":{"line":236,"column":16},"end":{"line":236,"column":30}},"83":{"start":{"line":242,"column":8},"end":{"line":299,"column":11}},"84":{"start":{"line":243,"column":12},"end":{"line":267,"column":13}},"85":{"start":{"line":244,"column":16},"end":{"line":264,"column":23}},"86":{"start":{"line":248,"column":24},"end":{"line":250,"column":25}},"87":{"start":{"line":249,"column":28},"end":{"line":249,"column":40}},"88":{"start":{"line":251,"column":24},"end":{"line":261,"column":25}},"89":{"start":{"line":252,"column":28},"end":{"line":260,"column":31}},"90":{"start":{"line":253,"column":32},"end":{"line":259,"column":38}},"91":{"start":{"line":255,"column":40},"end":{"line":255,"column":56}},"92":{"start":{"line":258,"column":40},"end":{"line":258,"column":54}},"93":{"start":{"line":263,"column":24},"end":{"line":263,"column":42}},"94":{"start":{"line":266,"column":16},"end":{"line":266,"column":30}},"95":{"start":{"line":302,"column":8},"end":{"line":339,"column":11}},"96":{"start":{"line":303,"column":12},"end":{"line":338,"column":13}},"97":{"start":{"line":304,"column":16},"end":{"line":312,"column":23}},"98":{"start":{"line":308,"column":24},"end":{"line":310,"column":25}},"99":{"start":{"line":309,"column":28},"end":{"line":309,"column":40}},"100":{"start":{"line":311,"column":24},"end":{"line":311,"column":42}},"101":{"start":{"line":337,"column":16},"end":{"line":337,"column":30}},"102":{"start":{"line":343,"column":8},"end":{"line":400,"column":11}},"103":{"start":{"line":344,"column":12},"end":{"line":398,"column":13}},"104":{"start":{"line":345,"column":16},"end":{"line":364,"column":23}},"105":{"start":{"line":349,"column":24},"end":{"line":349,"column":46}},"106":{"start":{"line":350,"column":24},"end":{"line":352,"column":25}},"107":{"start":{"line":351,"column":28},"end":{"line":351,"column":40}},"108":{"start":{"line":353,"column":24},"end":{"line":361,"column":25}},"109":{"start":{"line":354,"column":28},"end":{"line":360,"column":34}},"110":{"start":{"line":356,"column":36},"end":{"line":356,"column":52}},"111":{"start":{"line":359,"column":36},"end":{"line":359,"column":50}},"112":{"start":{"line":363,"column":24},"end":{"line":363,"column":42}},"113":{"start":{"line":397,"column":16},"end":{"line":397,"column":30}},"114":{"start":{"line":403,"column":8},"end":{"line":442,"column":11}},"115":{"start":{"line":404,"column":12},"end":{"line":441,"column":13}},"116":{"start":{"line":405,"column":16},"end":{"line":413,"column":23}},"117":{"start":{"line":409,"column":24},"end":{"line":411,"column":25}},"118":{"start":{"line":410,"column":28},"end":{"line":410,"column":40}},"119":{"start":{"line":412,"column":24},"end":{"line":412,"column":42}},"120":{"start":{"line":440,"column":16},"end":{"line":440,"column":30}},"121":{"start":{"line":445,"column":8},"end":{"line":456,"column":11}},"122":{"start":{"line":446,"column":12},"end":{"line":455,"column":14}},"123":{"start":{"line":450,"column":20},"end":{"line":452,"column":21}},"124":{"start":{"line":451,"column":24},"end":{"line":451,"column":36}},"125":{"start":{"line":453,"column":20},"end":{"line":453,"column":34}},"126":{"start":{"line":460,"column":8},"end":{"line":472,"column":11}},"127":{"start":{"line":461,"column":12},"end":{"line":471,"column":15}},"128":{"start":{"line":467,"column":16},"end":{"line":469,"column":17}},"129":{"start":{"line":468,"column":20},"end":{"line":468,"column":32}},"130":{"start":{"line":470,"column":16},"end":{"line":470,"column":38}},"131":{"start":{"line":475,"column":8},"end":{"line":487,"column":11}},"132":{"start":{"line":476,"column":12},"end":{"line":486,"column":15}},"133":{"start":{"line":482,"column":16},"end":{"line":484,"column":17}},"134":{"start":{"line":483,"column":20},"end":{"line":483,"column":32}},"135":{"start":{"line":485,"column":16},"end":{"line":485,"column":35}}},"branchMap":{"1":{"line":22,"type":"if","locations":[{"start":{"line":22,"column":16},"end":{"line":22,"column":16}},{"start":{"line":22,"column":16},"end":{"line":22,"column":16}}]},"2":{"line":36,"type":"if","locations":[{"start":{"line":36,"column":16},"end":{"line":36,"column":16}},{"start":{"line":36,"column":16},"end":{"line":36,"column":16}}]},"3":{"line":55,"type":"if","locations":[{"start":{"line":55,"column":24},"end":{"line":55,"column":24}},{"start":{"line":55,"column":24},"end":{"line":55,"column":24}}]},"4":{"line":74,"type":"if","locations":[{"start":{"line":74,"column":24},"end":{"line":74,"column":24}},{"start":{"line":74,"column":24},"end":{"line":74,"column":24}}]},"5":{"line":101,"type":"if","locations":[{"start":{"line":101,"column":16},"end":{"line":101,"column":16}},{"start":{"line":101,"column":16},"end":{"line":101,"column":16}}]},"6":{"line":115,"type":"if","locations":[{"start":{"line":115,"column":20},"end":{"line":115,"column":20}},{"start":{"line":115,"column":20},"end":{"line":115,"column":20}}]},"7":{"line":131,"type":"if","locations":[{"start":{"line":131,"column":20},"end":{"line":131,"column":20}},{"start":{"line":131,"column":20},"end":{"line":131,"column":20}}]},"8":{"line":150,"type":"if","locations":[{"start":{"line":150,"column":24},"end":{"line":150,"column":24}},{"start":{"line":150,"column":24},"end":{"line":150,"column":24}}]},"9":{"line":169,"type":"if","locations":[{"start":{"line":169,"column":24},"end":{"line":169,"column":24}},{"start":{"line":169,"column":24},"end":{"line":169,"column":24}}]},"10":{"line":192,"type":"if","locations":[{"start":{"line":192,"column":24},"end":{"line":192,"column":24}},{"start":{"line":192,"column":24},"end":{"line":192,"column":24}}]},"11":{"line":211,"type":"if","locations":[{"start":{"line":211,"column":24},"end":{"line":211,"column":24}},{"start":{"line":211,"column":24},"end":{"line":211,"column":24}}]},"12":{"line":230,"type":"if","locations":[{"start":{"line":230,"column":20},"end":{"line":230,"column":20}},{"start":{"line":230,"column":20},"end":{"line":230,"column":20}}]},"13":{"line":248,"type":"if","locations":[{"start":{"line":248,"column":24},"end":{"line":248,"column":24}},{"start":{"line":248,"column":24},"end":{"line":248,"column":24}}]},"14":{"line":251,"type":"if","locations":[{"start":{"line":251,"column":24},"end":{"line":251,"column":24}},{"start":{"line":251,"column":24},"end":{"line":251,"column":24}}]},"15":{"line":308,"type":"if","locations":[{"start":{"line":308,"column":24},"end":{"line":308,"column":24}},{"start":{"line":308,"column":24},"end":{"line":308,"column":24}}]},"16":{"line":350,"type":"if","locations":[{"start":{"line":350,"column":24},"end":{"line":350,"column":24}},{"start":{"line":350,"column":24},"end":{"line":350,"column":24}}]},"17":{"line":353,"type":"if","locations":[{"start":{"line":353,"column":24},"end":{"line":353,"column":24}},{"start":{"line":353,"column":24},"end":{"line":353,"column":24}}]},"18":{"line":409,"type":"if","locations":[{"start":{"line":409,"column":24},"end":{"line":409,"column":24}},{"start":{"line":409,"column":24},"end":{"line":409,"column":24}}]},"19":{"line":450,"type":"if","locations":[{"start":{"line":450,"column":20},"end":{"line":450,"column":20}},{"start":{"line":450,"column":20},"end":{"line":450,"column":20}}]},"20":{"line":467,"type":"if","locations":[{"start":{"line":467,"column":16},"end":{"line":467,"column":16}},{"start":{"line":467,"column":16},"end":{"line":467,"column":16}}]},"21":{"line":482,"type":"if","locations":[{"start":{"line":482,"column":16},"end":{"line":482,"column":16}},{"start":{"line":482,"column":16},"end":{"line":482,"column":16}}]}}},"/Applications/MAMP/htdocs/BackEndProject/model/GroupModel.js":{"path":"/Applications/MAMP/htdocs/BackEndProject/model/GroupModel.js","s":{"1":1,"2":1,"3":1,"4":1,"5":1},"b":{},"f":{},"fnMap":{},"statementMap":{"1":{"start":{"line":1,"column":0},"end":{"line":1,"column":35}},"2":{"start":{"line":2,"column":0},"end":{"line":2,"column":29}},"3":{"start":{"line":4,"column":0},"end":{"line":4,"column":36}},"4":{"start":{"line":6,"column":0},"end":{"line":27,"column":3}},"5":{"start":{"line":29,"column":0},"end":{"line":29,"column":53}}},"branchMap":{}},"/Applications/MAMP/htdocs/BackEndProject/service/UserService.js":{"path":"/Applications/MAMP/htdocs/BackEndProject/service/UserService.js","s":{"1":1,"2":1,"3":0,"4":0,"5":0,"6":0,"7":0,"8":0,"9":0,"10":0,"11":0,"12":0,"13":0,"14":0,"15":0,"16":0,"17":0,"18":0,"19":0,"20":0,"21":0,"22":0,"23":0,"24":0,"25":0,"26":0,"27":0,"28":0,"29":0,"30":0,"31":0,"32":0,"33":0,"34":0,"35":0,"36":0,"37":0,"38":0,"39":0,"40":0,"41":0,"42":0,"43":0,"44":0,"45":0,"46":0,"47":0,"48":0,"49":0,"50":0},"b":{"1":[0,0],"2":[0,0]},"f":{"1":0,"2":0,"3":0,"4":0,"5":0,"6":0,"7":0},"fnMap":{"1":{"name":"(anonymous_1)","line":4,"loc":{"start":{"line":4,"column":15},"end":{"line":4,"column":18}}},"2":{"name":"(anonymous_2)","line":7,"loc":{"start":{"line":7,"column":26},"end":{"line":7,"column":48}}},"3":{"name":"(anonymous_3)","line":63,"loc":{"start":{"line":63,"column":23},"end":{"line":63,"column":36}}},"4":{"name":"(anonymous_4)","line":87,"loc":{"start":{"line":87,"column":14},"end":{"line":87,"column":22}}},"5":{"name":"(anonymous_5)","line":94,"loc":{"start":{"line":94,"column":15},"end":{"line":94,"column":24}}},"6":{"name":"(anonymous_6)","line":101,"loc":{"start":{"line":101,"column":20},"end":{"line":101,"column":28}}},"7":{"name":"(anonymous_7)","line":109,"loc":{"start":{"line":109,"column":18},"end":{"line":109,"column":31}}}},"statementMap":{"1":{"start":{"line":1,"column":0},"end":{"line":1,"column":61}},"2":{"start":{"line":3,"column":0},"end":{"line":117,"column":2}},"3":{"start":{"line":5,"column":8},"end":{"line":5,"column":51}},"4":{"start":{"line":8,"column":8},"end":{"line":61,"column":11}},"5":{"start":{"line":9,"column":12},"end":{"line":60,"column":15}},"6":{"start":{"line":11,"column":16},"end":{"line":55,"column":17}},"7":{"start":{"line":12,"column":20},"end":{"line":26,"column":22}},"8":{"start":{"line":13,"column":24},"end":{"line":13,"column":45}},"9":{"start":{"line":14,"column":24},"end":{"line":16,"column":27}},"10":{"start":{"line":15,"column":28},"end":{"line":15,"column":56}},"11":{"start":{"line":17,"column":24},"end":{"line":22,"column":26}},"12":{"start":{"line":18,"column":28},"end":{"line":18,"column":45}},"13":{"start":{"line":21,"column":28},"end":{"line":21,"column":42}},"14":{"start":{"line":25,"column":24},"end":{"line":25,"column":38}},"15":{"start":{"line":32,"column":20},"end":{"line":54,"column":19}},"16":{"start":{"line":33,"column":24},"end":{"line":33,"column":45}},"17":{"start":{"line":34,"column":24},"end":{"line":36,"column":27}},"18":{"start":{"line":35,"column":28},"end":{"line":35,"column":56}},"19":{"start":{"line":37,"column":20},"end":{"line":50,"column":23}},"20":{"start":{"line":39,"column":24},"end":{"line":47,"column":26}},"21":{"start":{"line":41,"column":28},"end":{"line":43,"column":29}},"22":{"start":{"line":42,"column":32},"end":{"line":42,"column":57}},"23":{"start":{"line":46,"column":28},"end":{"line":46,"column":42}},"24":{"start":{"line":49,"column":24},"end":{"line":49,"column":38}},"25":{"start":{"line":53,"column":20},"end":{"line":53,"column":34}},"26":{"start":{"line":59,"column":16},"end":{"line":59,"column":30}},"27":{"start":{"line":64,"column":8},"end":{"line":85,"column":11}},"28":{"start":{"line":65,"column":12},"end":{"line":84,"column":14}},"29":{"start":{"line":66,"column":16},"end":{"line":66,"column":37}},"30":{"start":{"line":67,"column":16},"end":{"line":69,"column":19}},"31":{"start":{"line":68,"column":20},"end":{"line":68,"column":48}},"32":{"start":{"line":70,"column":16},"end":{"line":79,"column":17}},"33":{"start":{"line":80,"column":16},"end":{"line":80,"column":42}},"34":{"start":{"line":83,"column":16},"end":{"line":83,"column":30}},"35":{"start":{"line":88,"column":8},"end":{"line":92,"column":11}},"36":{"start":{"line":89,"column":12},"end":{"line":91,"column":47}},"37":{"start":{"line":90,"column":32},"end":{"line":90,"column":47}},"38":{"start":{"line":91,"column":32},"end":{"line":91,"column":45}},"39":{"start":{"line":95,"column":8},"end":{"line":99,"column":11}},"40":{"start":{"line":96,"column":12},"end":{"line":98,"column":47}},"41":{"start":{"line":97,"column":32},"end":{"line":97,"column":47}},"42":{"start":{"line":98,"column":32},"end":{"line":98,"column":45}},"43":{"start":{"line":102,"column":8},"end":{"line":106,"column":11}},"44":{"start":{"line":103,"column":12},"end":{"line":105,"column":47}},"45":{"start":{"line":104,"column":32},"end":{"line":104,"column":47}},"46":{"start":{"line":105,"column":32},"end":{"line":105,"column":45}},"47":{"start":{"line":110,"column":8},"end":{"line":114,"column":11}},"48":{"start":{"line":111,"column":12},"end":{"line":113,"column":47}},"49":{"start":{"line":112,"column":32},"end":{"line":112,"column":47}},"50":{"start":{"line":113,"column":32},"end":{"line":113,"column":45}}},"branchMap":{"1":{"line":11,"type":"if","locations":[{"start":{"line":11,"column":16},"end":{"line":11,"column":16}},{"start":{"line":11,"column":16},"end":{"line":11,"column":16}}]},"2":{"line":41,"type":"if","locations":[{"start":{"line":41,"column":28},"end":{"line":41,"column":28}},{"start":{"line":41,"column":28},"end":{"line":41,"column":28}}]}}},"/Applications/MAMP/htdocs/BackEndProject/repository/UserRepository.js":{"path":"/Applications/MAMP/htdocs/BackEndProject/repository/UserRepository.js","s":{"1":1,"2":1,"3":1,"4":0,"5":0,"6":0,"7":0,"8":0,"9":0,"10":0,"11":0,"12":0,"13":0,"14":0,"15":0,"16":0,"17":0,"18":0,"19":0,"20":0,"21":0,"22":0,"23":0,"24":0,"25":0,"26":0,"27":0,"28":0,"29":0,"30":0,"31":0,"32":0,"33":0,"34":0,"35":0,"36":0,"37":0,"38":0,"39":0,"40":0,"41":0,"42":0,"43":0,"44":0,"45":0},"b":{"1":[0,0],"2":[0,0],"3":[0,0],"4":[0,0],"5":[0,0],"6":[0,0],"7":[0,0]},"f":{"1":0,"2":0,"3":0,"4":0,"5":0,"6":0,"7":0,"8":0,"9":0,"10":0,"11":0,"12":0,"13":0,"14":0},"fnMap":{"1":{"name":"(anonymous_1)","line":5,"loc":{"start":{"line":5,"column":15},"end":{"line":5,"column":18}}},"2":{"name":"(anonymous_2)","line":6,"loc":{"start":{"line":6,"column":15},"end":{"line":6,"column":24}}},"3":{"name":"(anonymous_3)","line":21,"loc":{"start":{"line":21,"column":27},"end":{"line":21,"column":60}}},"4":{"name":"(anonymous_4)","line":40,"loc":{"start":{"line":40,"column":27},"end":{"line":40,"column":60}}},"5":{"name":"(anonymous_5)","line":49,"loc":{"start":{"line":49,"column":70},"end":{"line":49,"column":90}}},"6":{"name":"(anonymous_6)","line":57,"loc":{"start":{"line":57,"column":23},"end":{"line":57,"column":48}}},"7":{"name":"(anonymous_7)","line":61,"loc":{"start":{"line":61,"column":35},"end":{"line":61,"column":55}}},"8":{"name":"(anonymous_8)","line":69,"loc":{"start":{"line":69,"column":23},"end":{"line":69,"column":37}}},"9":{"name":"(anonymous_9)","line":73,"loc":{"start":{"line":73,"column":79},"end":{"line":73,"column":99}}},"10":{"name":"(anonymous_10)","line":81,"loc":{"start":{"line":81,"column":14},"end":{"line":81,"column":23}}},"11":{"name":"(anonymous_11)","line":96,"loc":{"start":{"line":96,"column":15},"end":{"line":96,"column":24}}},"12":{"name":"(anonymous_12)","line":106,"loc":{"start":{"line":106,"column":20},"end":{"line":106,"column":29}}},"13":{"name":"(anonymous_13)","line":112,"loc":{"start":{"line":112,"column":18},"end":{"line":112,"column":33}}},"14":{"name":"(anonymous_14)","line":118,"loc":{"start":{"line":118,"column":17},"end":{"line":118,"column":24}}}},"statementMap":{"1":{"start":{"line":1,"column":0},"end":{"line":1,"column":48}},"2":{"start":{"line":2,"column":0},"end":{"line":2,"column":33}},"3":{"start":{"line":4,"column":0},"end":{"line":123,"column":2}},"4":{"start":{"line":7,"column":8},"end":{"line":18,"column":11}},"5":{"start":{"line":9,"column":12},"end":{"line":17,"column":19}},"6":{"start":{"line":13,"column":20},"end":{"line":15,"column":21}},"7":{"start":{"line":14,"column":24},"end":{"line":14,"column":37}},"8":{"start":{"line":16,"column":20},"end":{"line":16,"column":37}},"9":{"start":{"line":22,"column":8},"end":{"line":37,"column":10}},"10":{"start":{"line":23,"column":12},"end":{"line":30,"column":15}},"11":{"start":{"line":31,"column":12},"end":{"line":36,"column":15}},"12":{"start":{"line":32,"column":16},"end":{"line":34,"column":17}},"13":{"start":{"line":33,"column":20},"end":{"line":33,"column":32}},"14":{"start":{"line":35,"column":16},"end":{"line":35,"column":30}},"15":{"start":{"line":41,"column":8},"end":{"line":55,"column":11}},"16":{"start":{"line":42,"column":12},"end":{"line":48,"column":13}},"17":{"start":{"line":49,"column":12},"end":{"line":54,"column":14}},"18":{"start":{"line":50,"column":16},"end":{"line":52,"column":17}},"19":{"start":{"line":51,"column":20},"end":{"line":51,"column":32}},"20":{"start":{"line":53,"column":16},"end":{"line":53,"column":29}},"21":{"start":{"line":58,"column":8},"end":{"line":67,"column":11}},"22":{"start":{"line":59,"column":12},"end":{"line":59,"column":46}},"23":{"start":{"line":60,"column":12},"end":{"line":66,"column":19}},"24":{"start":{"line":62,"column":20},"end":{"line":64,"column":21}},"25":{"start":{"line":63,"column":24},"end":{"line":63,"column":36}},"26":{"start":{"line":65,"column":20},"end":{"line":65,"column":33}},"27":{"start":{"line":70,"column":8},"end":{"line":79,"column":11}},"28":{"start":{"line":71,"column":12},"end":{"line":71,"column":46}},"29":{"start":{"line":72,"column":12},"end":{"line":78,"column":19}},"30":{"start":{"line":74,"column":20},"end":{"line":76,"column":21}},"31":{"start":{"line":75,"column":24},"end":{"line":75,"column":36}},"32":{"start":{"line":77,"column":20},"end":{"line":77,"column":33}},"33":{"start":{"line":82,"column":8},"end":{"line":94,"column":11}},"34":{"start":{"line":83,"column":12},"end":{"line":93,"column":19}},"35":{"start":{"line":88,"column":20},"end":{"line":90,"column":21}},"36":{"start":{"line":89,"column":24},"end":{"line":89,"column":38}},"37":{"start":{"line":92,"column":20},"end":{"line":92,"column":44}},"38":{"start":{"line":97,"column":8},"end":{"line":104,"column":11}},"39":{"start":{"line":98,"column":12},"end":{"line":103,"column":15}},"40":{"start":{"line":99,"column":16},"end":{"line":101,"column":17}},"41":{"start":{"line":100,"column":20},"end":{"line":100,"column":32}},"42":{"start":{"line":102,"column":16},"end":{"line":102,"column":29}},"43":{"start":{"line":107,"column":8},"end":{"line":109,"column":11}},"44":{"start":{"line":113,"column":8},"end":{"line":115,"column":11}},"45":{"start":{"line":119,"column":8},"end":{"line":121,"column":11}}},"branchMap":{"1":{"line":13,"type":"if","locations":[{"start":{"line":13,"column":20},"end":{"line":13,"column":20}},{"start":{"line":13,"column":20},"end":{"line":13,"column":20}}]},"2":{"line":32,"type":"if","locations":[{"start":{"line":32,"column":16},"end":{"line":32,"column":16}},{"start":{"line":32,"column":16},"end":{"line":32,"column":16}}]},"3":{"line":50,"type":"if","locations":[{"start":{"line":50,"column":16},"end":{"line":50,"column":16}},{"start":{"line":50,"column":16},"end":{"line":50,"column":16}}]},"4":{"line":62,"type":"if","locations":[{"start":{"line":62,"column":20},"end":{"line":62,"column":20}},{"start":{"line":62,"column":20},"end":{"line":62,"column":20}}]},"5":{"line":74,"type":"if","locations":[{"start":{"line":74,"column":20},"end":{"line":74,"column":20}},{"start":{"line":74,"column":20},"end":{"line":74,"column":20}}]},"6":{"line":88,"type":"if","locations":[{"start":{"line":88,"column":20},"end":{"line":88,"column":20}},{"start":{"line":88,"column":20},"end":{"line":88,"column":20}}]},"7":{"line":99,"type":"if","locations":[{"start":{"line":99,"column":16},"end":{"line":99,"column":16}},{"start":{"line":99,"column":16},"end":{"line":99,"column":16}}]}}},"/Applications/MAMP/htdocs/BackEndProject/model/UserModel.js":{"path":"/Applications/MAMP/htdocs/BackEndProject/model/UserModel.js","s":{"1":1,"2":1,"3":1,"4":1},"b":{},"f":{},"fnMap":{},"statementMap":{"1":{"start":{"line":1,"column":0},"end":{"line":1,"column":35}},"2":{"start":{"line":2,"column":0},"end":{"line":2,"column":29}},"3":{"start":{"line":4,"column":0},"end":{"line":12,"column":3}},"4":{"start":{"line":14,"column":0},"end":{"line":14,"column":50}}},"branchMap":{}}}