{"/Applications/MAMP/htdocs/BackEndProject/controllers/groupController.js":{"path":"/Applications/MAMP/htdocs/BackEndProject/controllers/groupController.js","s":{"1":1,"2":1,"3":1,"4":1,"5":0,"6":0,"7":0,"8":0,"9":0,"10":0,"11":0,"12":0,"13":0,"14":0,"15":0,"16":0,"17":0,"18":0,"19":0,"20":0,"21":0,"22":0,"23":0,"24":0,"25":0,"26":0,"27":0,"28":0,"29":0,"30":0,"31":0,"32":0,"33":0,"34":0,"35":0,"36":0,"37":0,"38":0,"39":0,"40":0,"41":0,"42":0,"43":0,"44":0,"45":0,"46":0,"47":0,"48":0,"49":0,"50":0,"51":0,"52":0,"53":0,"54":0},"b":{"1":[0,0],"2":[0,0,0],"3":[0,0]},"f":{"1":0,"2":0,"3":0,"4":0,"5":0,"6":0,"7":0,"8":0,"9":0,"10":0,"11":0,"12":0,"13":0,"14":0},"fnMap":{"1":{"name":"(anonymous_1)","line":6,"loc":{"start":{"line":6,"column":15},"end":{"line":6,"column":19}}},"2":{"name":"(anonymous_2)","line":9,"loc":{"start":{"line":9,"column":15},"end":{"line":9,"column":24}}},"3":{"name":"(anonymous_3)","line":18,"loc":{"start":{"line":18,"column":12},"end":{"line":18,"column":21}}},"4":{"name":"(anonymous_4)","line":48,"loc":{"start":{"line":48,"column":14},"end":{"line":48,"column":23}}},"5":{"name":"(anonymous_5)","line":54,"loc":{"start":{"line":54,"column":16},"end":{"line":54,"column":25}}},"6":{"name":"(anonymous_6)","line":60,"loc":{"start":{"line":60,"column":17},"end":{"line":60,"column":26}}},"7":{"name":"(anonymous_7)","line":66,"loc":{"start":{"line":66,"column":16},"end":{"line":66,"column":25}}},"8":{"name":"(anonymous_8)","line":74,"loc":{"start":{"line":74,"column":19},"end":{"line":74,"column":28}}},"9":{"name":"(anonymous_9)","line":84,"loc":{"start":{"line":84,"column":28},"end":{"line":84,"column":37}}},"10":{"name":"(anonymous_10)","line":94,"loc":{"start":{"line":94,"column":23},"end":{"line":94,"column":32}}},"11":{"name":"(anonymous_11)","line":104,"loc":{"start":{"line":104,"column":26},"end":{"line":104,"column":35}}},"12":{"name":"(anonymous_12)","line":115,"loc":{"start":{"line":115,"column":27},"end":{"line":115,"column":36}}},"13":{"name":"(anonymous_13)","line":124,"loc":{"start":{"line":124,"column":23},"end":{"line":124,"column":32}}},"14":{"name":"(anonymous_14)","line":134,"loc":{"start":{"line":134,"column":26},"end":{"line":134,"column":35}}}},"statementMap":{"1":{"start":{"line":1,"column":0},"end":{"line":1,"column":56}},"2":{"start":{"line":2,"column":0},"end":{"line":2,"column":52}},"3":{"start":{"line":3,"column":0},"end":{"line":3,"column":17}},"4":{"start":{"line":5,"column":0},"end":{"line":144,"column":1}},"5":{"start":{"line":7,"column":8},"end":{"line":7,"column":44}},"6":{"start":{"line":10,"column":8},"end":{"line":16,"column":10}},"7":{"start":{"line":12,"column":12},"end":{"line":12,"column":41}},"8":{"start":{"line":15,"column":12},"end":{"line":15,"column":66}},"9":{"start":{"line":19,"column":8},"end":{"line":22,"column":9}},"10":{"start":{"line":20,"column":12},"end":{"line":20,"column":35}},"11":{"start":{"line":21,"column":12},"end":{"line":21,"column":131}},"12":{"start":{"line":23,"column":8},"end":{"line":23,"column":23}},"13":{"start":{"line":24,"column":8},"end":{"line":24,"column":58}},"14":{"start":{"line":25,"column":8},"end":{"line":29,"column":11}},"15":{"start":{"line":26,"column":12},"end":{"line":28,"column":13}},"16":{"start":{"line":27,"column":16},"end":{"line":27,"column":59}},"17":{"start":{"line":32,"column":8},"end":{"line":37,"column":11}},"18":{"start":{"line":38,"column":8},"end":{"line":45,"column":15}},"19":{"start":{"line":40,"column":16},"end":{"line":40,"column":32}},"20":{"start":{"line":43,"column":16},"end":{"line":43,"column":32}},"21":{"start":{"line":44,"column":16},"end":{"line":44,"column":57}},"22":{"start":{"line":49,"column":8},"end":{"line":51,"column":86}},"23":{"start":{"line":50,"column":30},"end":{"line":50,"column":59}},"24":{"start":{"line":51,"column":30},"end":{"line":51,"column":84}},"25":{"start":{"line":55,"column":8},"end":{"line":57,"column":86}},"26":{"start":{"line":56,"column":30},"end":{"line":56,"column":55}},"27":{"start":{"line":57,"column":30},"end":{"line":57,"column":84}},"28":{"start":{"line":61,"column":8},"end":{"line":63,"column":86}},"29":{"start":{"line":62,"column":30},"end":{"line":62,"column":55}},"30":{"start":{"line":63,"column":30},"end":{"line":63,"column":84}},"31":{"start":{"line":67,"column":8},"end":{"line":71,"column":10}},"32":{"start":{"line":68,"column":12},"end":{"line":68,"column":41}},"33":{"start":{"line":70,"column":12},"end":{"line":70,"column":65}},"34":{"start":{"line":75,"column":8},"end":{"line":81,"column":10}},"35":{"start":{"line":77,"column":12},"end":{"line":77,"column":37}},"36":{"start":{"line":80,"column":12},"end":{"line":80,"column":65}},"37":{"start":{"line":85,"column":8},"end":{"line":91,"column":10}},"38":{"start":{"line":87,"column":12},"end":{"line":87,"column":36}},"39":{"start":{"line":90,"column":12},"end":{"line":90,"column":65}},"40":{"start":{"line":95,"column":8},"end":{"line":101,"column":10}},"41":{"start":{"line":97,"column":12},"end":{"line":97,"column":48}},"42":{"start":{"line":100,"column":12},"end":{"line":100,"column":65}},"43":{"start":{"line":105,"column":8},"end":{"line":112,"column":15}},"44":{"start":{"line":108,"column":16},"end":{"line":108,"column":40}},"45":{"start":{"line":111,"column":16},"end":{"line":111,"column":69}},"46":{"start":{"line":116,"column":8},"end":{"line":122,"column":10}},"47":{"start":{"line":118,"column":12},"end":{"line":118,"column":36}},"48":{"start":{"line":121,"column":12},"end":{"line":121,"column":65}},"49":{"start":{"line":125,"column":8},"end":{"line":131,"column":14}},"50":{"start":{"line":127,"column":16},"end":{"line":127,"column":50}},"51":{"start":{"line":130,"column":16},"end":{"line":130,"column":69}},"52":{"start":{"line":135,"column":8},"end":{"line":141,"column":15}},"53":{"start":{"line":137,"column":16},"end":{"line":137,"column":40}},"54":{"start":{"line":140,"column":16},"end":{"line":140,"column":69}}},"branchMap":{"1":{"line":19,"type":"if","locations":[{"start":{"line":19,"column":8},"end":{"line":19,"column":8}},{"start":{"line":19,"column":8},"end":{"line":19,"column":8}}]},"2":{"line":19,"type":"binary-expr","locations":[{"start":{"line":19,"column":11},"end":{"line":19,"column":38}},{"start":{"line":19,"column":42},"end":{"line":19,"column":64}},{"start":{"line":19,"column":68},"end":{"line":19,"column":88}}]},"3":{"line":26,"type":"if","locations":[{"start":{"line":26,"column":12},"end":{"line":26,"column":12}},{"start":{"line":26,"column":12},"end":{"line":26,"column":12}}]}}},"/Applications/MAMP/htdocs/BackEndProject/service/GroupService.js":{"path":"/Applications/MAMP/htdocs/BackEndProject/service/GroupService.js","s":{"1":1,"2":1,"3":1,"4":1,"5":0,"6":0,"7":0,"8":0,"9":0,"10":0,"11":0,"12":0,"13":0,"14":0,"15":0,"16":0,"17":0,"18":0,"19":0,"20":0,"21":0,"22":0,"23":0,"24":0,"25":0,"26":0,"27":0,"28":0,"29":0,"30":0,"31":0,"32":0,"33":0,"34":0,"35":0,"36":0,"37":0,"38":0,"39":0,"40":0,"41":0,"42":0,"43":0,"44":0,"45":0,"46":0,"47":0,"48":0,"49":0,"50":0,"51":0,"52":0,"53":0,"54":0,"55":0,"56":0,"57":0,"58":0,"59":0,"60":0,"61":0,"62":0,"63":0,"64":0,"65":0,"66":0,"67":0,"68":0,"69":0,"70":0,"71":0,"72":0,"73":0,"74":0,"75":0,"76":0,"77":0,"78":0,"79":0,"80":0,"81":0,"82":0,"83":0,"84":0,"85":0,"86":0,"87":0,"88":0,"89":0,"90":0,"91":0,"92":0,"93":0,"94":0,"95":0,"96":0,"97":0,"98":0,"99":0,"100":0,"101":0,"102":0,"103":0,"104":0,"105":0,"106":0,"107":0,"108":0,"109":0,"110":0,"111":0,"112":0,"113":0,"114":0,"115":0},"b":{},"f":{"1":0,"2":0,"3":0,"4":0,"5":0,"6":0,"7":0,"8":0,"9":0,"10":0,"11":0,"12":0,"13":0,"14":0,"15":0,"16":0,"17":0,"18":0,"19":0,"20":0,"21":0},"fnMap":{"1":{"name":"(anonymous_1)","line":6,"loc":{"start":{"line":6,"column":15},"end":{"line":6,"column":20}}},"2":{"name":"(anonymous_2)","line":12,"loc":{"start":{"line":12,"column":13},"end":{"line":12,"column":22}}},"3":{"name":"(anonymous_3)","line":20,"loc":{"start":{"line":20,"column":14},"end":{"line":20,"column":23}}},"4":{"name":"(anonymous_4)","line":28,"loc":{"start":{"line":28,"column":16},"end":{"line":28,"column":34}}},"5":{"name":"(anonymous_5)","line":40,"loc":{"start":{"line":40,"column":17},"end":{"line":40,"column":35}}},"6":{"name":"(anonymous_6)","line":52,"loc":{"start":{"line":52,"column":12},"end":{"line":52,"column":22}}},"7":{"name":"(anonymous_7)","line":61,"loc":{"start":{"line":61,"column":15},"end":{"line":61,"column":31}}},"8":{"name":"(anonymous_8)","line":85,"loc":{"start":{"line":85,"column":31},"end":{"line":85,"column":54}}},"9":{"name":"(anonymous_9)","line":101,"loc":{"start":{"line":101,"column":19},"end":{"line":101,"column":38}}},"10":{"name":"(anonymous_10)","line":114,"loc":{"start":{"line":114,"column":28},"end":{"line":114,"column":38}}},"11":{"name":"(anonymous_11)","line":126,"loc":{"start":{"line":126,"column":23},"end":{"line":126,"column":47}}},"12":{"name":"(anonymous_12)","line":149,"loc":{"start":{"line":149,"column":24},"end":{"line":149,"column":48}}},"13":{"name":"(anonymous_13)","line":162,"loc":{"start":{"line":162,"column":25},"end":{"line":162,"column":41}}},"14":{"name":"(anonymous_14)","line":180,"loc":{"start":{"line":180,"column":27},"end":{"line":180,"column":37}}},"15":{"name":"(anonymous_15)","line":192,"loc":{"start":{"line":192,"column":23},"end":{"line":192,"column":39}}},"16":{"name":"(anonymous_16)","line":211,"loc":{"start":{"line":211,"column":24},"end":{"line":211,"column":44}}},"17":{"name":"(anonymous_17)","line":223,"loc":{"start":{"line":223,"column":26},"end":{"line":223,"column":56}}},"18":{"name":"(anonymous_18)","line":236,"loc":{"start":{"line":236,"column":26},"end":{"line":236,"column":56}}},"19":{"name":"(anonymous_19)","line":249,"loc":{"start":{"line":249,"column":15},"end":{"line":249,"column":34}}},"20":{"name":"(anonymous_20)","line":263,"loc":{"start":{"line":263,"column":24},"end":{"line":263,"column":34}}},"21":{"name":"(anonymous_21)","line":275,"loc":{"start":{"line":275,"column":27},"end":{"line":275,"column":37}}}},"statementMap":{"1":{"start":{"line":1,"column":0},"end":{"line":1,"column":63}},"2":{"start":{"line":2,"column":0},"end":{"line":2,"column":48}},"3":{"start":{"line":3,"column":0},"end":{"line":3,"column":52}},"4":{"start":{"line":5,"column":0},"end":{"line":298,"column":2}},"5":{"start":{"line":7,"column":8},"end":{"line":7,"column":21}},"6":{"start":{"line":8,"column":8},"end":{"line":8,"column":53}},"7":{"start":{"line":9,"column":8},"end":{"line":9,"column":45}},"8":{"start":{"line":13,"column":8},"end":{"line":17,"column":11}},"9":{"start":{"line":14,"column":12},"end":{"line":16,"column":47}},"10":{"start":{"line":15,"column":32},"end":{"line":15,"column":47}},"11":{"start":{"line":16,"column":32},"end":{"line":16,"column":45}},"12":{"start":{"line":21,"column":8},"end":{"line":25,"column":11}},"13":{"start":{"line":22,"column":12},"end":{"line":24,"column":47}},"14":{"start":{"line":23,"column":32},"end":{"line":23,"column":47}},"15":{"start":{"line":24,"column":32},"end":{"line":24,"column":45}},"16":{"start":{"line":29,"column":8},"end":{"line":37,"column":11}},"17":{"start":{"line":30,"column":12},"end":{"line":36,"column":18}},"18":{"start":{"line":32,"column":20},"end":{"line":32,"column":33}},"19":{"start":{"line":35,"column":20},"end":{"line":35,"column":32}},"20":{"start":{"line":41,"column":8},"end":{"line":49,"column":11}},"21":{"start":{"line":42,"column":12},"end":{"line":48,"column":18}},"22":{"start":{"line":44,"column":20},"end":{"line":44,"column":33}},"23":{"start":{"line":47,"column":20},"end":{"line":47,"column":32}},"24":{"start":{"line":53,"column":8},"end":{"line":58,"column":11}},"25":{"start":{"line":54,"column":12},"end":{"line":56,"column":47}},"26":{"start":{"line":55,"column":32},"end":{"line":55,"column":47}},"27":{"start":{"line":56,"column":32},"end":{"line":56,"column":45}},"28":{"start":{"line":62,"column":8},"end":{"line":82,"column":11}},"29":{"start":{"line":63,"column":12},"end":{"line":66,"column":14}},"30":{"start":{"line":67,"column":12},"end":{"line":81,"column":13}},"31":{"start":{"line":68,"column":16},"end":{"line":77,"column":23}},"32":{"start":{"line":70,"column":24},"end":{"line":70,"column":58}},"33":{"start":{"line":71,"column":24},"end":{"line":71,"column":51}},"34":{"start":{"line":72,"column":24},"end":{"line":72,"column":44}},"35":{"start":{"line":75,"column":24},"end":{"line":75,"column":43}},"36":{"start":{"line":76,"column":24},"end":{"line":76,"column":38}},"37":{"start":{"line":79,"column":16},"end":{"line":79,"column":37}},"38":{"start":{"line":80,"column":16},"end":{"line":80,"column":30}},"39":{"start":{"line":86,"column":8},"end":{"line":98,"column":11}},"40":{"start":{"line":88,"column":12},"end":{"line":94,"column":47}},"41":{"start":{"line":90,"column":20},"end":{"line":92,"column":22}},"42":{"start":{"line":91,"column":24},"end":{"line":91,"column":99}},"43":{"start":{"line":94,"column":32},"end":{"line":94,"column":45}},"44":{"start":{"line":97,"column":12},"end":{"line":97,"column":26}},"45":{"start":{"line":102,"column":8},"end":{"line":111,"column":11}},"46":{"start":{"line":103,"column":12},"end":{"line":103,"column":49}},"47":{"start":{"line":104,"column":12},"end":{"line":110,"column":18}},"48":{"start":{"line":106,"column":20},"end":{"line":106,"column":36}},"49":{"start":{"line":109,"column":20},"end":{"line":109,"column":34}},"50":{"start":{"line":115,"column":8},"end":{"line":123,"column":11}},"51":{"start":{"line":116,"column":12},"end":{"line":122,"column":18}},"52":{"start":{"line":118,"column":20},"end":{"line":118,"column":44}},"53":{"start":{"line":121,"column":20},"end":{"line":121,"column":34}},"54":{"start":{"line":127,"column":8},"end":{"line":146,"column":11}},"55":{"start":{"line":128,"column":12},"end":{"line":131,"column":14}},"56":{"start":{"line":132,"column":12},"end":{"line":145,"column":18}},"57":{"start":{"line":134,"column":20},"end":{"line":141,"column":26}},"58":{"start":{"line":136,"column":28},"end":{"line":136,"column":94}},"59":{"start":{"line":137,"column":28},"end":{"line":137,"column":43}},"60":{"start":{"line":140,"column":28},"end":{"line":140,"column":42}},"61":{"start":{"line":144,"column":20},"end":{"line":144,"column":34}},"62":{"start":{"line":150,"column":8},"end":{"line":159,"column":11}},"63":{"start":{"line":151,"column":12},"end":{"line":158,"column":18}},"64":{"start":{"line":153,"column":20},"end":{"line":153,"column":79}},"65":{"start":{"line":156,"column":20},"end":{"line":156,"column":39}},"66":{"start":{"line":157,"column":20},"end":{"line":157,"column":34}},"67":{"start":{"line":163,"column":8},"end":{"line":177,"column":11}},"68":{"start":{"line":164,"column":12},"end":{"line":168,"column":14}},"69":{"start":{"line":169,"column":12},"end":{"line":176,"column":18}},"70":{"start":{"line":172,"column":20},"end":{"line":172,"column":36}},"71":{"start":{"line":175,"column":20},"end":{"line":175,"column":34}},"72":{"start":{"line":181,"column":8},"end":{"line":189,"column":11}},"73":{"start":{"line":182,"column":12},"end":{"line":188,"column":18}},"74":{"start":{"line":184,"column":20},"end":{"line":184,"column":44}},"75":{"start":{"line":187,"column":20},"end":{"line":187,"column":34}},"76":{"start":{"line":193,"column":8},"end":{"line":208,"column":11}},"77":{"start":{"line":194,"column":12},"end":{"line":207,"column":18}},"78":{"start":{"line":196,"column":20},"end":{"line":203,"column":26}},"79":{"start":{"line":198,"column":28},"end":{"line":198,"column":94}},"80":{"start":{"line":199,"column":28},"end":{"line":199,"column":43}},"81":{"start":{"line":202,"column":28},"end":{"line":202,"column":42}},"82":{"start":{"line":206,"column":20},"end":{"line":206,"column":34}},"83":{"start":{"line":212,"column":8},"end":{"line":220,"column":11}},"84":{"start":{"line":213,"column":12},"end":{"line":219,"column":18}},"85":{"start":{"line":215,"column":20},"end":{"line":215,"column":79}},"86":{"start":{"line":218,"column":20},"end":{"line":218,"column":34}},"87":{"start":{"line":224,"column":8},"end":{"line":233,"column":11}},"88":{"start":{"line":225,"column":12},"end":{"line":232,"column":18}},"89":{"start":{"line":227,"column":20},"end":{"line":227,"column":98}},"90":{"start":{"line":228,"column":20},"end":{"line":228,"column":36}},"91":{"start":{"line":231,"column":20},"end":{"line":231,"column":34}},"92":{"start":{"line":237,"column":8},"end":{"line":246,"column":11}},"93":{"start":{"line":238,"column":12},"end":{"line":245,"column":18}},"94":{"start":{"line":240,"column":20},"end":{"line":240,"column":98}},"95":{"start":{"line":241,"column":20},"end":{"line":241,"column":36}},"96":{"start":{"line":244,"column":20},"end":{"line":244,"column":34}},"97":{"start":{"line":250,"column":8},"end":{"line":260,"column":11}},"98":{"start":{"line":252,"column":12},"end":{"line":258,"column":19}},"99":{"start":{"line":254,"column":20},"end":{"line":254,"column":36}},"100":{"start":{"line":257,"column":20},"end":{"line":257,"column":34}},"101":{"start":{"line":264,"column":8},"end":{"line":272,"column":11}},"102":{"start":{"line":265,"column":12},"end":{"line":271,"column":18}},"103":{"start":{"line":267,"column":20},"end":{"line":267,"column":33}},"104":{"start":{"line":270,"column":20},"end":{"line":270,"column":32}},"105":{"start":{"line":276,"column":8},"end":{"line":296,"column":11}},"106":{"start":{"line":278,"column":12},"end":{"line":295,"column":47}},"107":{"start":{"line":280,"column":20},"end":{"line":280,"column":38}},"108":{"start":{"line":281,"column":20},"end":{"line":284,"column":23}},"109":{"start":{"line":282,"column":24},"end":{"line":282,"column":82}},"110":{"start":{"line":285,"column":20},"end":{"line":293,"column":27}},"111":{"start":{"line":286,"column":24},"end":{"line":286,"column":39}},"112":{"start":{"line":287,"column":24},"end":{"line":289,"column":27}},"113":{"start":{"line":288,"column":28},"end":{"line":288,"column":45}},"114":{"start":{"line":290,"column":24},"end":{"line":290,"column":39}},"115":{"start":{"line":295,"column":32},"end":{"line":295,"column":45}}},"branchMap":{}},"/Applications/MAMP/htdocs/BackEndProject/repository/GroupRepository.js":{"path":"/Applications/MAMP/htdocs/BackEndProject/repository/GroupRepository.js","s":{"1":1,"2":1,"3":1,"4":0,"5":0,"6":0,"7":0,"8":0,"9":0,"10":0,"11":0,"12":0,"13":0,"14":0,"15":0,"16":0,"17":0,"18":0,"19":0,"20":0,"21":0,"22":0,"23":0,"24":0,"25":0,"26":0,"27":0,"28":0,"29":0,"30":0,"31":0,"32":0,"33":0,"34":0,"35":0,"36":0,"37":0,"38":0,"39":0,"40":0,"41":0,"42":0,"43":0,"44":0,"45":0,"46":0,"47":0,"48":0,"49":0,"50":0,"51":0,"52":0,"53":0,"54":0,"55":0,"56":0,"57":0,"58":0,"59":0,"60":0,"61":0,"62":0,"63":0,"64":0,"65":0,"66":0,"67":0,"68":0,"69":0,"70":0,"71":0,"72":0,"73":0,"74":0,"75":0,"76":0,"77":0,"78":0,"79":0,"80":0,"81":0,"82":0,"83":0,"84":0,"85":0,"86":0,"87":0,"88":0,"89":0,"90":0,"91":0,"92":0,"93":0,"94":0,"95":0,"96":0,"97":0,"98":0,"99":0,"100":0,"101":0,"102":0,"103":0,"104":0,"105":0,"106":0,"107":0,"108":0,"109":0,"110":0,"111":0,"112":0,"113":0,"114":0,"115":0,"116":0,"117":0,"118":0,"119":0,"120":0,"121":0,"122":0,"123":0,"124":0,"125":0,"126":0,"127":0,"128":0,"129":0,"130":0,"131":0,"132":0,"133":0},"b":{"1":[0,0],"2":[0,0],"3":[0,0],"4":[0,0],"5":[0,0],"6":[0,0],"7":[0,0],"8":[0,0],"9":[0,0],"10":[0,0],"11":[0,0],"12":[0,0],"13":[0,0],"14":[0,0],"15":[0,0],"16":[0,0],"17":[0,0],"18":[0,0],"19":[0,0],"20":[0,0],"21":[0,0]},"f":{"1":1,"2":0,"3":0,"4":0,"5":0,"6":0,"7":0,"8":0,"9":0,"10":0,"11":0,"12":0,"13":0,"14":0,"15":0,"16":0,"17":0,"18":0,"19":0,"20":0,"21":0,"22":0,"23":0,"24":0,"25":0,"26":0,"27":0,"28":0},"fnMap":{"1":{"name":"(anonymous_1)","line":5,"loc":{"start":{"line":5,"column":15},"end":{"line":5,"column":18}}},"2":{"name":"(anonymous_2)","line":7,"loc":{"start":{"line":7,"column":13},"end":{"line":7,"column":22}}},"3":{"name":"(anonymous_3)","line":30,"loc":{"start":{"line":30,"column":14},"end":{"line":30,"column":22}}},"4":{"name":"(anonymous_4)","line":44,"loc":{"start":{"line":44,"column":16},"end":{"line":44,"column":32}}},"5":{"name":"(anonymous_5)","line":54,"loc":{"start":{"line":54,"column":20},"end":{"line":54,"column":40}}},"6":{"name":"(anonymous_6)","line":67,"loc":{"start":{"line":67,"column":17},"end":{"line":67,"column":33}}},"7":{"name":"(anonymous_7)","line":73,"loc":{"start":{"line":73,"column":20},"end":{"line":73,"column":40}}},"8":{"name":"(anonymous_8)","line":86,"loc":{"start":{"line":86,"column":12},"end":{"line":86,"column":22}}},"9":{"name":"(anonymous_9)","line":111,"loc":{"start":{"line":111,"column":15},"end":{"line":111,"column":23}}},"10":{"name":"(anonymous_10)","line":127,"loc":{"start":{"line":127,"column":19},"end":{"line":127,"column":46}}},"11":{"name":"(anonymous_11)","line":130,"loc":{"start":{"line":130,"column":71},"end":{"line":130,"column":91}}},"12":{"name":"(anonymous_12)","line":143,"loc":{"start":{"line":143,"column":23},"end":{"line":143,"column":43}}},"13":{"name":"(anonymous_13)","line":149,"loc":{"start":{"line":149,"column":20},"end":{"line":149,"column":40}}},"14":{"name":"(anonymous_14)","line":162,"loc":{"start":{"line":162,"column":24},"end":{"line":162,"column":46}}},"15":{"name":"(anonymous_15)","line":181,"loc":{"start":{"line":181,"column":25},"end":{"line":181,"column":45}}},"16":{"name":"(anonymous_16)","line":191,"loc":{"start":{"line":191,"column":20},"end":{"line":191,"column":40}}},"17":{"name":"(anonymous_17)","line":204,"loc":{"start":{"line":204,"column":23},"end":{"line":204,"column":39}}},"18":{"name":"(anonymous_18)","line":210,"loc":{"start":{"line":210,"column":20},"end":{"line":210,"column":40}}},"19":{"name":"(anonymous_19)","line":223,"loc":{"start":{"line":223,"column":24},"end":{"line":223,"column":42}}},"20":{"name":"(anonymous_20)","line":241,"loc":{"start":{"line":241,"column":26},"end":{"line":241,"column":56}}},"21":{"name":"(anonymous_21)","line":247,"loc":{"start":{"line":247,"column":20},"end":{"line":247,"column":42}}},"22":{"name":"(anonymous_22)","line":270,"loc":{"start":{"line":270,"column":32},"end":{"line":270,"column":62}}},"23":{"name":"(anonymous_23)","line":289,"loc":{"start":{"line":289,"column":26},"end":{"line":289,"column":56}}},"24":{"name":"(anonymous_24)","line":295,"loc":{"start":{"line":295,"column":20},"end":{"line":295,"column":42}}},"25":{"name":"(anonymous_25)","line":320,"loc":{"start":{"line":320,"column":32},"end":{"line":320,"column":62}}},"26":{"name":"(anonymous_26)","line":338,"loc":{"start":{"line":338,"column":21},"end":{"line":338,"column":39}}},"27":{"name":"(anonymous_27)","line":353,"loc":{"start":{"line":353,"column":24},"end":{"line":353,"column":34}}},"28":{"name":"(anonymous_28)","line":368,"loc":{"start":{"line":368,"column":19},"end":{"line":368,"column":29}}}},"statementMap":{"1":{"start":{"line":1,"column":0},"end":{"line":1,"column":48}},"2":{"start":{"line":2,"column":0},"end":{"line":2,"column":35}},"3":{"start":{"line":4,"column":0},"end":{"line":383,"column":2}},"4":{"start":{"line":9,"column":8},"end":{"line":27,"column":11}},"5":{"start":{"line":10,"column":12},"end":{"line":26,"column":15}},"6":{"start":{"line":22,"column":16},"end":{"line":24,"column":17}},"7":{"start":{"line":23,"column":20},"end":{"line":23,"column":34}},"8":{"start":{"line":25,"column":16},"end":{"line":25,"column":33}},"9":{"start":{"line":31,"column":8},"end":{"line":41,"column":11}},"10":{"start":{"line":32,"column":12},"end":{"line":40,"column":15}},"11":{"start":{"line":36,"column":16},"end":{"line":38,"column":17}},"12":{"start":{"line":37,"column":20},"end":{"line":37,"column":34}},"13":{"start":{"line":39,"column":16},"end":{"line":39,"column":33}},"14":{"start":{"line":45,"column":8},"end":{"line":64,"column":11}},"15":{"start":{"line":46,"column":12},"end":{"line":63,"column":13}},"16":{"start":{"line":47,"column":16},"end":{"line":60,"column":17}},"17":{"start":{"line":55,"column":24},"end":{"line":57,"column":25}},"18":{"start":{"line":56,"column":28},"end":{"line":56,"column":40}},"19":{"start":{"line":58,"column":24},"end":{"line":58,"column":37}},"20":{"start":{"line":62,"column":16},"end":{"line":62,"column":30}},"21":{"start":{"line":68,"column":8},"end":{"line":83,"column":11}},"22":{"start":{"line":69,"column":12},"end":{"line":82,"column":13}},"23":{"start":{"line":70,"column":16},"end":{"line":79,"column":17}},"24":{"start":{"line":74,"column":24},"end":{"line":76,"column":25}},"25":{"start":{"line":75,"column":28},"end":{"line":75,"column":40}},"26":{"start":{"line":77,"column":24},"end":{"line":77,"column":37}},"27":{"start":{"line":81,"column":16},"end":{"line":81,"column":30}},"28":{"start":{"line":87,"column":8},"end":{"line":108,"column":11}},"29":{"start":{"line":88,"column":12},"end":{"line":106,"column":15}},"30":{"start":{"line":101,"column":16},"end":{"line":103,"column":17}},"31":{"start":{"line":102,"column":20},"end":{"line":102,"column":34}},"32":{"start":{"line":105,"column":16},"end":{"line":105,"column":32}},"33":{"start":{"line":112,"column":8},"end":{"line":124,"column":11}},"34":{"start":{"line":113,"column":12},"end":{"line":123,"column":13}},"35":{"start":{"line":114,"column":16},"end":{"line":120,"column":19}},"36":{"start":{"line":115,"column":20},"end":{"line":119,"column":21}},"37":{"start":{"line":116,"column":24},"end":{"line":116,"column":38}},"38":{"start":{"line":118,"column":24},"end":{"line":118,"column":43}},"39":{"start":{"line":122,"column":16},"end":{"line":122,"column":30}},"40":{"start":{"line":128,"column":8},"end":{"line":139,"column":10}},"41":{"start":{"line":129,"column":12},"end":{"line":138,"column":13}},"42":{"start":{"line":130,"column":16},"end":{"line":135,"column":19}},"43":{"start":{"line":131,"column":20},"end":{"line":133,"column":21}},"44":{"start":{"line":132,"column":24},"end":{"line":132,"column":36}},"45":{"start":{"line":134,"column":20},"end":{"line":134,"column":33}},"46":{"start":{"line":137,"column":16},"end":{"line":137,"column":30}},"47":{"start":{"line":144,"column":8},"end":{"line":159,"column":10}},"48":{"start":{"line":145,"column":12},"end":{"line":158,"column":13}},"49":{"start":{"line":146,"column":16},"end":{"line":155,"column":17}},"50":{"start":{"line":150,"column":24},"end":{"line":152,"column":25}},"51":{"start":{"line":151,"column":28},"end":{"line":151,"column":40}},"52":{"start":{"line":153,"column":24},"end":{"line":153,"column":37}},"53":{"start":{"line":157,"column":16},"end":{"line":157,"column":30}},"54":{"start":{"line":163,"column":8},"end":{"line":178,"column":10}},"55":{"start":{"line":164,"column":12},"end":{"line":177,"column":13}},"56":{"start":{"line":165,"column":16},"end":{"line":174,"column":22}},"57":{"start":{"line":169,"column":24},"end":{"line":171,"column":25}},"58":{"start":{"line":170,"column":28},"end":{"line":170,"column":42}},"59":{"start":{"line":173,"column":24},"end":{"line":173,"column":41}},"60":{"start":{"line":176,"column":16},"end":{"line":176,"column":30}},"61":{"start":{"line":182,"column":8},"end":{"line":201,"column":11}},"62":{"start":{"line":183,"column":12},"end":{"line":200,"column":13}},"63":{"start":{"line":184,"column":16},"end":{"line":197,"column":17}},"64":{"start":{"line":192,"column":24},"end":{"line":194,"column":25}},"65":{"start":{"line":193,"column":28},"end":{"line":193,"column":40}},"66":{"start":{"line":195,"column":24},"end":{"line":195,"column":37}},"67":{"start":{"line":199,"column":16},"end":{"line":199,"column":30}},"68":{"start":{"line":205,"column":8},"end":{"line":220,"column":11}},"69":{"start":{"line":206,"column":12},"end":{"line":219,"column":13}},"70":{"start":{"line":207,"column":16},"end":{"line":216,"column":22}},"71":{"start":{"line":211,"column":24},"end":{"line":214,"column":25}},"72":{"start":{"line":212,"column":28},"end":{"line":212,"column":40}},"73":{"start":{"line":213,"column":28},"end":{"line":213,"column":45}},"74":{"start":{"line":215,"column":24},"end":{"line":215,"column":37}},"75":{"start":{"line":218,"column":16},"end":{"line":218,"column":30}},"76":{"start":{"line":224,"column":8},"end":{"line":238,"column":10}},"77":{"start":{"line":225,"column":12},"end":{"line":237,"column":13}},"78":{"start":{"line":226,"column":16},"end":{"line":234,"column":18}},"79":{"start":{"line":230,"column":20},"end":{"line":232,"column":21}},"80":{"start":{"line":231,"column":24},"end":{"line":231,"column":38}},"81":{"start":{"line":233,"column":20},"end":{"line":233,"column":37}},"82":{"start":{"line":236,"column":16},"end":{"line":236,"column":30}},"83":{"start":{"line":242,"column":8},"end":{"line":268,"column":11}},"84":{"start":{"line":243,"column":12},"end":{"line":267,"column":13}},"85":{"start":{"line":244,"column":16},"end":{"line":264,"column":23}},"86":{"start":{"line":248,"column":24},"end":{"line":250,"column":25}},"87":{"start":{"line":249,"column":28},"end":{"line":249,"column":40}},"88":{"start":{"line":251,"column":24},"end":{"line":261,"column":25}},"89":{"start":{"line":254,"column":28},"end":{"line":260,"column":34}},"90":{"start":{"line":256,"column":36},"end":{"line":256,"column":52}},"91":{"start":{"line":259,"column":36},"end":{"line":259,"column":50}},"92":{"start":{"line":263,"column":24},"end":{"line":263,"column":42}},"93":{"start":{"line":266,"column":16},"end":{"line":266,"column":30}},"94":{"start":{"line":271,"column":8},"end":{"line":286,"column":11}},"95":{"start":{"line":272,"column":12},"end":{"line":285,"column":13}},"96":{"start":{"line":273,"column":16},"end":{"line":281,"column":23}},"97":{"start":{"line":277,"column":24},"end":{"line":279,"column":25}},"98":{"start":{"line":278,"column":28},"end":{"line":278,"column":40}},"99":{"start":{"line":280,"column":24},"end":{"line":280,"column":42}},"100":{"start":{"line":284,"column":16},"end":{"line":284,"column":30}},"101":{"start":{"line":290,"column":8},"end":{"line":318,"column":11}},"102":{"start":{"line":291,"column":12},"end":{"line":316,"column":13}},"103":{"start":{"line":292,"column":16},"end":{"line":311,"column":23}},"104":{"start":{"line":296,"column":24},"end":{"line":298,"column":25}},"105":{"start":{"line":297,"column":28},"end":{"line":297,"column":40}},"106":{"start":{"line":299,"column":24},"end":{"line":308,"column":25}},"107":{"start":{"line":301,"column":28},"end":{"line":307,"column":34}},"108":{"start":{"line":303,"column":36},"end":{"line":303,"column":52}},"109":{"start":{"line":306,"column":36},"end":{"line":306,"column":50}},"110":{"start":{"line":310,"column":24},"end":{"line":310,"column":42}},"111":{"start":{"line":315,"column":16},"end":{"line":315,"column":30}},"112":{"start":{"line":321,"column":8},"end":{"line":336,"column":11}},"113":{"start":{"line":322,"column":12},"end":{"line":335,"column":13}},"114":{"start":{"line":323,"column":16},"end":{"line":331,"column":23}},"115":{"start":{"line":327,"column":24},"end":{"line":329,"column":25}},"116":{"start":{"line":328,"column":28},"end":{"line":328,"column":40}},"117":{"start":{"line":330,"column":24},"end":{"line":330,"column":42}},"118":{"start":{"line":334,"column":16},"end":{"line":334,"column":30}},"119":{"start":{"line":339,"column":8},"end":{"line":350,"column":11}},"120":{"start":{"line":340,"column":12},"end":{"line":349,"column":14}},"121":{"start":{"line":344,"column":20},"end":{"line":346,"column":21}},"122":{"start":{"line":345,"column":24},"end":{"line":345,"column":36}},"123":{"start":{"line":347,"column":20},"end":{"line":347,"column":34}},"124":{"start":{"line":354,"column":8},"end":{"line":366,"column":11}},"125":{"start":{"line":355,"column":12},"end":{"line":365,"column":15}},"126":{"start":{"line":361,"column":16},"end":{"line":363,"column":17}},"127":{"start":{"line":362,"column":20},"end":{"line":362,"column":32}},"128":{"start":{"line":364,"column":16},"end":{"line":364,"column":38}},"129":{"start":{"line":369,"column":8},"end":{"line":381,"column":11}},"130":{"start":{"line":370,"column":12},"end":{"line":380,"column":15}},"131":{"start":{"line":376,"column":16},"end":{"line":378,"column":17}},"132":{"start":{"line":377,"column":20},"end":{"line":377,"column":32}},"133":{"start":{"line":379,"column":16},"end":{"line":379,"column":35}}},"branchMap":{"1":{"line":22,"type":"if","locations":[{"start":{"line":22,"column":16},"end":{"line":22,"column":16}},{"start":{"line":22,"column":16},"end":{"line":22,"column":16}}]},"2":{"line":36,"type":"if","locations":[{"start":{"line":36,"column":16},"end":{"line":36,"column":16}},{"start":{"line":36,"column":16},"end":{"line":36,"column":16}}]},"3":{"line":55,"type":"if","locations":[{"start":{"line":55,"column":24},"end":{"line":55,"column":24}},{"start":{"line":55,"column":24},"end":{"line":55,"column":24}}]},"4":{"line":74,"type":"if","locations":[{"start":{"line":74,"column":24},"end":{"line":74,"column":24}},{"start":{"line":74,"column":24},"end":{"line":74,"column":24}}]},"5":{"line":101,"type":"if","locations":[{"start":{"line":101,"column":16},"end":{"line":101,"column":16}},{"start":{"line":101,"column":16},"end":{"line":101,"column":16}}]},"6":{"line":115,"type":"if","locations":[{"start":{"line":115,"column":20},"end":{"line":115,"column":20}},{"start":{"line":115,"column":20},"end":{"line":115,"column":20}}]},"7":{"line":131,"type":"if","locations":[{"start":{"line":131,"column":20},"end":{"line":131,"column":20}},{"start":{"line":131,"column":20},"end":{"line":131,"column":20}}]},"8":{"line":150,"type":"if","locations":[{"start":{"line":150,"column":24},"end":{"line":150,"column":24}},{"start":{"line":150,"column":24},"end":{"line":150,"column":24}}]},"9":{"line":169,"type":"if","locations":[{"start":{"line":169,"column":24},"end":{"line":169,"column":24}},{"start":{"line":169,"column":24},"end":{"line":169,"column":24}}]},"10":{"line":192,"type":"if","locations":[{"start":{"line":192,"column":24},"end":{"line":192,"column":24}},{"start":{"line":192,"column":24},"end":{"line":192,"column":24}}]},"11":{"line":211,"type":"if","locations":[{"start":{"line":211,"column":24},"end":{"line":211,"column":24}},{"start":{"line":211,"column":24},"end":{"line":211,"column":24}}]},"12":{"line":230,"type":"if","locations":[{"start":{"line":230,"column":20},"end":{"line":230,"column":20}},{"start":{"line":230,"column":20},"end":{"line":230,"column":20}}]},"13":{"line":248,"type":"if","locations":[{"start":{"line":248,"column":24},"end":{"line":248,"column":24}},{"start":{"line":248,"column":24},"end":{"line":248,"column":24}}]},"14":{"line":251,"type":"if","locations":[{"start":{"line":251,"column":24},"end":{"line":251,"column":24}},{"start":{"line":251,"column":24},"end":{"line":251,"column":24}}]},"15":{"line":277,"type":"if","locations":[{"start":{"line":277,"column":24},"end":{"line":277,"column":24}},{"start":{"line":277,"column":24},"end":{"line":277,"column":24}}]},"16":{"line":296,"type":"if","locations":[{"start":{"line":296,"column":24},"end":{"line":296,"column":24}},{"start":{"line":296,"column":24},"end":{"line":296,"column":24}}]},"17":{"line":299,"type":"if","locations":[{"start":{"line":299,"column":24},"end":{"line":299,"column":24}},{"start":{"line":299,"column":24},"end":{"line":299,"column":24}}]},"18":{"line":327,"type":"if","locations":[{"start":{"line":327,"column":24},"end":{"line":327,"column":24}},{"start":{"line":327,"column":24},"end":{"line":327,"column":24}}]},"19":{"line":344,"type":"if","locations":[{"start":{"line":344,"column":20},"end":{"line":344,"column":20}},{"start":{"line":344,"column":20},"end":{"line":344,"column":20}}]},"20":{"line":361,"type":"if","locations":[{"start":{"line":361,"column":16},"end":{"line":361,"column":16}},{"start":{"line":361,"column":16},"end":{"line":361,"column":16}}]},"21":{"line":376,"type":"if","locations":[{"start":{"line":376,"column":16},"end":{"line":376,"column":16}},{"start":{"line":376,"column":16},"end":{"line":376,"column":16}}]}}},"/Applications/MAMP/htdocs/BackEndProject/model/GroupModel.js":{"path":"/Applications/MAMP/htdocs/BackEndProject/model/GroupModel.js","s":{"1":1,"2":1,"3":1,"4":1,"5":1},"b":{},"f":{},"fnMap":{},"statementMap":{"1":{"start":{"line":1,"column":0},"end":{"line":1,"column":35}},"2":{"start":{"line":2,"column":0},"end":{"line":2,"column":29}},"3":{"start":{"line":4,"column":0},"end":{"line":4,"column":36}},"4":{"start":{"line":6,"column":0},"end":{"line":27,"column":3}},"5":{"start":{"line":29,"column":0},"end":{"line":29,"column":53}}},"branchMap":{}},"/Applications/MAMP/htdocs/BackEndProject/service/UserService.js":{"path":"/Applications/MAMP/htdocs/BackEndProject/service/UserService.js","s":{"1":1,"2":1,"3":0,"4":0,"5":0,"6":0,"7":0,"8":0,"9":0,"10":0,"11":0,"12":0,"13":0,"14":0,"15":0,"16":0,"17":0,"18":0,"19":0,"20":0,"21":0,"22":0,"23":0,"24":0,"25":0,"26":0,"27":0,"28":0,"29":0,"30":0,"31":0,"32":0,"33":0,"34":0,"35":0,"36":0,"37":0,"38":0,"39":0,"40":0,"41":0,"42":0},"b":{"1":[0,0],"2":[0,0]},"f":{"1":0,"2":0,"3":0,"4":0,"5":0},"fnMap":{"1":{"name":"(anonymous_1)","line":4,"loc":{"start":{"line":4,"column":15},"end":{"line":4,"column":18}}},"2":{"name":"(anonymous_2)","line":7,"loc":{"start":{"line":7,"column":26},"end":{"line":7,"column":48}}},"3":{"name":"(anonymous_3)","line":63,"loc":{"start":{"line":63,"column":23},"end":{"line":63,"column":36}}},"4":{"name":"(anonymous_4)","line":87,"loc":{"start":{"line":87,"column":14},"end":{"line":87,"column":22}}},"5":{"name":"(anonymous_5)","line":94,"loc":{"start":{"line":94,"column":15},"end":{"line":94,"column":24}}}},"statementMap":{"1":{"start":{"line":1,"column":0},"end":{"line":1,"column":61}},"2":{"start":{"line":3,"column":0},"end":{"line":102,"column":2}},"3":{"start":{"line":5,"column":8},"end":{"line":5,"column":51}},"4":{"start":{"line":8,"column":8},"end":{"line":61,"column":11}},"5":{"start":{"line":9,"column":12},"end":{"line":60,"column":15}},"6":{"start":{"line":11,"column":16},"end":{"line":55,"column":17}},"7":{"start":{"line":12,"column":20},"end":{"line":26,"column":22}},"8":{"start":{"line":13,"column":24},"end":{"line":13,"column":45}},"9":{"start":{"line":14,"column":24},"end":{"line":16,"column":27}},"10":{"start":{"line":15,"column":28},"end":{"line":15,"column":56}},"11":{"start":{"line":17,"column":24},"end":{"line":22,"column":26}},"12":{"start":{"line":18,"column":28},"end":{"line":18,"column":45}},"13":{"start":{"line":21,"column":28},"end":{"line":21,"column":42}},"14":{"start":{"line":25,"column":24},"end":{"line":25,"column":38}},"15":{"start":{"line":32,"column":20},"end":{"line":54,"column":19}},"16":{"start":{"line":33,"column":24},"end":{"line":33,"column":45}},"17":{"start":{"line":34,"column":24},"end":{"line":36,"column":27}},"18":{"start":{"line":35,"column":28},"end":{"line":35,"column":56}},"19":{"start":{"line":37,"column":20},"end":{"line":50,"column":23}},"20":{"start":{"line":39,"column":24},"end":{"line":47,"column":26}},"21":{"start":{"line":41,"column":28},"end":{"line":43,"column":29}},"22":{"start":{"line":42,"column":32},"end":{"line":42,"column":57}},"23":{"start":{"line":46,"column":28},"end":{"line":46,"column":42}},"24":{"start":{"line":49,"column":24},"end":{"line":49,"column":38}},"25":{"start":{"line":53,"column":20},"end":{"line":53,"column":34}},"26":{"start":{"line":59,"column":16},"end":{"line":59,"column":30}},"27":{"start":{"line":64,"column":8},"end":{"line":85,"column":11}},"28":{"start":{"line":65,"column":12},"end":{"line":84,"column":14}},"29":{"start":{"line":66,"column":16},"end":{"line":66,"column":37}},"30":{"start":{"line":67,"column":16},"end":{"line":69,"column":19}},"31":{"start":{"line":68,"column":20},"end":{"line":68,"column":48}},"32":{"start":{"line":70,"column":16},"end":{"line":79,"column":17}},"33":{"start":{"line":80,"column":16},"end":{"line":80,"column":42}},"34":{"start":{"line":83,"column":16},"end":{"line":83,"column":30}},"35":{"start":{"line":88,"column":8},"end":{"line":92,"column":11}},"36":{"start":{"line":89,"column":12},"end":{"line":91,"column":47}},"37":{"start":{"line":90,"column":32},"end":{"line":90,"column":47}},"38":{"start":{"line":91,"column":32},"end":{"line":91,"column":45}},"39":{"start":{"line":95,"column":8},"end":{"line":99,"column":11}},"40":{"start":{"line":96,"column":12},"end":{"line":98,"column":47}},"41":{"start":{"line":97,"column":32},"end":{"line":97,"column":47}},"42":{"start":{"line":98,"column":32},"end":{"line":98,"column":45}}},"branchMap":{"1":{"line":11,"type":"if","locations":[{"start":{"line":11,"column":16},"end":{"line":11,"column":16}},{"start":{"line":11,"column":16},"end":{"line":11,"column":16}}]},"2":{"line":41,"type":"if","locations":[{"start":{"line":41,"column":28},"end":{"line":41,"column":28}},{"start":{"line":41,"column":28},"end":{"line":41,"column":28}}]}}},"/Applications/MAMP/htdocs/BackEndProject/repository/UserRepository.js":{"path":"/Applications/MAMP/htdocs/BackEndProject/repository/UserRepository.js","s":{"1":1,"2":1,"3":1,"4":0,"5":0,"6":0,"7":0,"8":0,"9":0,"10":0,"11":0,"12":0,"13":0,"14":0,"15":0,"16":0,"17":0,"18":0,"19":0,"20":0,"21":0,"22":0,"23":0,"24":0,"25":0,"26":0,"27":0,"28":0,"29":0,"30":0,"31":0,"32":0,"33":0,"34":0,"35":0,"36":0,"37":0,"38":0,"39":0,"40":0,"41":0,"42":0,"43":0,"44":0,"45":0},"b":{"1":[0,0],"2":[0,0],"3":[0,0],"4":[0,0],"5":[0,0],"6":[0,0],"7":[0,0]},"f":{"1":0,"2":0,"3":0,"4":0,"5":0,"6":0,"7":0,"8":0,"9":0,"10":0,"11":0,"12":0,"13":0,"14":0},"fnMap":{"1":{"name":"(anonymous_1)","line":5,"loc":{"start":{"line":5,"column":15},"end":{"line":5,"column":18}}},"2":{"name":"(anonymous_2)","line":6,"loc":{"start":{"line":6,"column":15},"end":{"line":6,"column":24}}},"3":{"name":"(anonymous_3)","line":21,"loc":{"start":{"line":21,"column":27},"end":{"line":21,"column":60}}},"4":{"name":"(anonymous_4)","line":40,"loc":{"start":{"line":40,"column":27},"end":{"line":40,"column":60}}},"5":{"name":"(anonymous_5)","line":49,"loc":{"start":{"line":49,"column":70},"end":{"line":49,"column":90}}},"6":{"name":"(anonymous_6)","line":57,"loc":{"start":{"line":57,"column":23},"end":{"line":57,"column":48}}},"7":{"name":"(anonymous_7)","line":61,"loc":{"start":{"line":61,"column":35},"end":{"line":61,"column":55}}},"8":{"name":"(anonymous_8)","line":69,"loc":{"start":{"line":69,"column":23},"end":{"line":69,"column":37}}},"9":{"name":"(anonymous_9)","line":73,"loc":{"start":{"line":73,"column":79},"end":{"line":73,"column":99}}},"10":{"name":"(anonymous_10)","line":81,"loc":{"start":{"line":81,"column":14},"end":{"line":81,"column":23}}},"11":{"name":"(anonymous_11)","line":96,"loc":{"start":{"line":96,"column":15},"end":{"line":96,"column":24}}},"12":{"name":"(anonymous_12)","line":106,"loc":{"start":{"line":106,"column":20},"end":{"line":106,"column":29}}},"13":{"name":"(anonymous_13)","line":112,"loc":{"start":{"line":112,"column":18},"end":{"line":112,"column":33}}},"14":{"name":"(anonymous_14)","line":118,"loc":{"start":{"line":118,"column":17},"end":{"line":118,"column":24}}}},"statementMap":{"1":{"start":{"line":1,"column":0},"end":{"line":1,"column":48}},"2":{"start":{"line":2,"column":0},"end":{"line":2,"column":33}},"3":{"start":{"line":4,"column":0},"end":{"line":123,"column":2}},"4":{"start":{"line":7,"column":8},"end":{"line":18,"column":11}},"5":{"start":{"line":9,"column":12},"end":{"line":17,"column":19}},"6":{"start":{"line":13,"column":20},"end":{"line":15,"column":21}},"7":{"start":{"line":14,"column":24},"end":{"line":14,"column":37}},"8":{"start":{"line":16,"column":20},"end":{"line":16,"column":37}},"9":{"start":{"line":22,"column":8},"end":{"line":37,"column":10}},"10":{"start":{"line":23,"column":12},"end":{"line":30,"column":15}},"11":{"start":{"line":31,"column":12},"end":{"line":36,"column":15}},"12":{"start":{"line":32,"column":16},"end":{"line":34,"column":17}},"13":{"start":{"line":33,"column":20},"end":{"line":33,"column":32}},"14":{"start":{"line":35,"column":16},"end":{"line":35,"column":30}},"15":{"start":{"line":41,"column":8},"end":{"line":55,"column":11}},"16":{"start":{"line":42,"column":12},"end":{"line":48,"column":13}},"17":{"start":{"line":49,"column":12},"end":{"line":54,"column":14}},"18":{"start":{"line":50,"column":16},"end":{"line":52,"column":17}},"19":{"start":{"line":51,"column":20},"end":{"line":51,"column":32}},"20":{"start":{"line":53,"column":16},"end":{"line":53,"column":29}},"21":{"start":{"line":58,"column":8},"end":{"line":67,"column":11}},"22":{"start":{"line":59,"column":12},"end":{"line":59,"column":46}},"23":{"start":{"line":60,"column":12},"end":{"line":66,"column":19}},"24":{"start":{"line":62,"column":20},"end":{"line":64,"column":21}},"25":{"start":{"line":63,"column":24},"end":{"line":63,"column":36}},"26":{"start":{"line":65,"column":20},"end":{"line":65,"column":33}},"27":{"start":{"line":70,"column":8},"end":{"line":79,"column":11}},"28":{"start":{"line":71,"column":12},"end":{"line":71,"column":46}},"29":{"start":{"line":72,"column":12},"end":{"line":78,"column":19}},"30":{"start":{"line":74,"column":20},"end":{"line":76,"column":21}},"31":{"start":{"line":75,"column":24},"end":{"line":75,"column":36}},"32":{"start":{"line":77,"column":20},"end":{"line":77,"column":33}},"33":{"start":{"line":82,"column":8},"end":{"line":94,"column":11}},"34":{"start":{"line":83,"column":12},"end":{"line":93,"column":19}},"35":{"start":{"line":88,"column":20},"end":{"line":90,"column":21}},"36":{"start":{"line":89,"column":24},"end":{"line":89,"column":38}},"37":{"start":{"line":92,"column":20},"end":{"line":92,"column":44}},"38":{"start":{"line":97,"column":8},"end":{"line":104,"column":11}},"39":{"start":{"line":98,"column":12},"end":{"line":103,"column":15}},"40":{"start":{"line":99,"column":16},"end":{"line":101,"column":17}},"41":{"start":{"line":100,"column":20},"end":{"line":100,"column":32}},"42":{"start":{"line":102,"column":16},"end":{"line":102,"column":29}},"43":{"start":{"line":107,"column":8},"end":{"line":109,"column":11}},"44":{"start":{"line":113,"column":8},"end":{"line":115,"column":11}},"45":{"start":{"line":119,"column":8},"end":{"line":121,"column":11}}},"branchMap":{"1":{"line":13,"type":"if","locations":[{"start":{"line":13,"column":20},"end":{"line":13,"column":20}},{"start":{"line":13,"column":20},"end":{"line":13,"column":20}}]},"2":{"line":32,"type":"if","locations":[{"start":{"line":32,"column":16},"end":{"line":32,"column":16}},{"start":{"line":32,"column":16},"end":{"line":32,"column":16}}]},"3":{"line":50,"type":"if","locations":[{"start":{"line":50,"column":16},"end":{"line":50,"column":16}},{"start":{"line":50,"column":16},"end":{"line":50,"column":16}}]},"4":{"line":62,"type":"if","locations":[{"start":{"line":62,"column":20},"end":{"line":62,"column":20}},{"start":{"line":62,"column":20},"end":{"line":62,"column":20}}]},"5":{"line":74,"type":"if","locations":[{"start":{"line":74,"column":20},"end":{"line":74,"column":20}},{"start":{"line":74,"column":20},"end":{"line":74,"column":20}}]},"6":{"line":88,"type":"if","locations":[{"start":{"line":88,"column":20},"end":{"line":88,"column":20}},{"start":{"line":88,"column":20},"end":{"line":88,"column":20}}]},"7":{"line":99,"type":"if","locations":[{"start":{"line":99,"column":16},"end":{"line":99,"column":16}},{"start":{"line":99,"column":16},"end":{"line":99,"column":16}}]}}},"/Applications/MAMP/htdocs/BackEndProject/model/UserModel.js":{"path":"/Applications/MAMP/htdocs/BackEndProject/model/UserModel.js","s":{"1":1,"2":1,"3":1,"4":1},"b":{},"f":{},"fnMap":{},"statementMap":{"1":{"start":{"line":1,"column":0},"end":{"line":1,"column":35}},"2":{"start":{"line":2,"column":0},"end":{"line":2,"column":29}},"3":{"start":{"line":4,"column":0},"end":{"line":12,"column":3}},"4":{"start":{"line":14,"column":0},"end":{"line":14,"column":50}}},"branchMap":{}}}