TN:
SF:/Applications/MAMP/htdocs/BackEndProject/controllers/groupController.js
FN:6,(anonymous_1)
FN:9,(anonymous_2)
FN:18,(anonymous_3)
FN:48,(anonymous_4)
FN:54,(anonymous_5)
FN:60,(anonymous_6)
FN:66,(anonymous_7)
FN:74,(anonymous_8)
FN:84,(anonymous_9)
FN:94,(anonymous_10)
FN:104,(anonymous_11)
FN:115,(anonymous_12)
FN:124,(anonymous_13)
FN:134,(anonymous_14)
FNF:14
FNH:0
FNDA:0,(anonymous_1)
FNDA:0,(anonymous_2)
FNDA:0,(anonymous_3)
FNDA:0,(anonymous_4)
FNDA:0,(anonymous_5)
FNDA:0,(anonymous_6)
FNDA:0,(anonymous_7)
FNDA:0,(anonymous_8)
FNDA:0,(anonymous_9)
FNDA:0,(anonymous_10)
FNDA:0,(anonymous_11)
FNDA:0,(anonymous_12)
FNDA:0,(anonymous_13)
FNDA:0,(anonymous_14)
DA:1,1
DA:2,1
DA:3,1
DA:5,1
DA:7,0
DA:10,0
DA:12,0
DA:15,0
DA:19,0
DA:20,0
DA:21,0
DA:23,0
DA:24,0
DA:25,0
DA:26,0
DA:27,0
DA:32,0
DA:38,0
DA:40,0
DA:43,0
DA:44,0
DA:49,0
DA:50,0
DA:51,0
DA:55,0
DA:56,0
DA:57,0
DA:61,0
DA:62,0
DA:63,0
DA:67,0
DA:68,0
DA:70,0
DA:75,0
DA:77,0
DA:80,0
DA:85,0
DA:87,0
DA:90,0
DA:95,0
DA:97,0
DA:100,0
DA:105,0
DA:108,0
DA:111,0
DA:116,0
DA:118,0
DA:121,0
DA:125,0
DA:127,0
DA:130,0
DA:135,0
DA:137,0
DA:140,0
LF:54
LH:4
BRDA:19,1,0,0
BRDA:19,1,1,0
BRDA:19,2,0,0
BRDA:19,2,1,0
BRDA:19,2,2,0
BRDA:26,3,0,0
BRDA:26,3,1,0
BRF:7
BRH:0
end_of_record
TN:
SF:/Applications/MAMP/htdocs/BackEndProject/service/GroupService.js
FN:6,(anonymous_1)
FN:12,(anonymous_2)
FN:20,(anonymous_3)
FN:28,(anonymous_4)
FN:40,(anonymous_5)
FN:52,(anonymous_6)
FN:61,(anonymous_7)
FN:85,(anonymous_8)
FN:101,(anonymous_9)
FN:114,(anonymous_10)
FN:126,(anonymous_11)
FN:149,(anonymous_12)
FN:162,(anonymous_13)
FN:180,(anonymous_14)
FN:192,(anonymous_15)
FN:211,(anonymous_16)
FN:223,(anonymous_17)
FN:236,(anonymous_18)
FN:249,(anonymous_19)
FN:263,(anonymous_20)
FN:275,(anonymous_21)
FNF:21
FNH:0
FNDA:0,(anonymous_1)
FNDA:0,(anonymous_2)
FNDA:0,(anonymous_3)
FNDA:0,(anonymous_4)
FNDA:0,(anonymous_5)
FNDA:0,(anonymous_6)
FNDA:0,(anonymous_7)
FNDA:0,(anonymous_8)
FNDA:0,(anonymous_9)
FNDA:0,(anonymous_10)
FNDA:0,(anonymous_11)
FNDA:0,(anonymous_12)
FNDA:0,(anonymous_13)
FNDA:0,(anonymous_14)
FNDA:0,(anonymous_15)
FNDA:0,(anonymous_16)
FNDA:0,(anonymous_17)
FNDA:0,(anonymous_18)
FNDA:0,(anonymous_19)
FNDA:0,(anonymous_20)
FNDA:0,(anonymous_21)
DA:1,1
DA:2,1
DA:3,1
DA:5,1
DA:7,0
DA:8,0
DA:9,0
DA:13,0
DA:14,0
DA:15,0
DA:16,0
DA:21,0
DA:22,0
DA:23,0
DA:24,0
DA:29,0
DA:30,0
DA:32,0
DA:35,0
DA:41,0
DA:42,0
DA:44,0
DA:47,0
DA:53,0
DA:54,0
DA:55,0
DA:56,0
DA:62,0
DA:63,0
DA:67,0
DA:68,0
DA:70,0
DA:71,0
DA:72,0
DA:75,0
DA:76,0
DA:79,0
DA:80,0
DA:86,0
DA:88,0
DA:90,0
DA:91,0
DA:94,0
DA:97,0
DA:102,0
DA:103,0
DA:104,0
DA:106,0
DA:109,0
DA:115,0
DA:116,0
DA:118,0
DA:121,0
DA:127,0
DA:128,0
DA:132,0
DA:134,0
DA:136,0
DA:137,0
DA:140,0
DA:144,0
DA:150,0
DA:151,0
DA:153,0
DA:156,0
DA:157,0
DA:163,0
DA:164,0
DA:169,0
DA:172,0
DA:175,0
DA:181,0
DA:182,0
DA:184,0
DA:187,0
DA:193,0
DA:194,0
DA:196,0
DA:198,0
DA:199,0
DA:202,0
DA:206,0
DA:212,0
DA:213,0
DA:215,0
DA:218,0
DA:224,0
DA:225,0
DA:227,0
DA:228,0
DA:231,0
DA:237,0
DA:238,0
DA:240,0
DA:241,0
DA:244,0
DA:250,0
DA:252,0
DA:254,0
DA:257,0
DA:264,0
DA:265,0
DA:267,0
DA:270,0
DA:276,0
DA:278,0
DA:280,0
DA:281,0
DA:282,0
DA:285,0
DA:286,0
DA:287,0
DA:288,0
DA:290,0
DA:295,0
LF:115
LH:4
BRF:0
BRH:0
end_of_record
TN:
SF:/Applications/MAMP/htdocs/BackEndProject/repository/GroupRepository.js
FN:5,(anonymous_1)
FN:7,(anonymous_2)
FN:30,(anonymous_3)
FN:44,(anonymous_4)
FN:54,(anonymous_5)
FN:67,(anonymous_6)
FN:73,(anonymous_7)
FN:86,(anonymous_8)
FN:111,(anonymous_9)
FN:127,(anonymous_10)
FN:130,(anonymous_11)
FN:143,(anonymous_12)
FN:149,(anonymous_13)
FN:162,(anonymous_14)
FN:181,(anonymous_15)
FN:191,(anonymous_16)
FN:204,(anonymous_17)
FN:210,(anonymous_18)
FN:223,(anonymous_19)
FN:241,(anonymous_20)
FN:247,(anonymous_21)
FN:270,(anonymous_22)
FN:289,(anonymous_23)
FN:295,(anonymous_24)
FN:320,(anonymous_25)
FN:338,(anonymous_26)
FN:353,(anonymous_27)
FN:368,(anonymous_28)
FNF:28
FNH:1
FNDA:1,(anonymous_1)
FNDA:0,(anonymous_2)
FNDA:0,(anonymous_3)
FNDA:0,(anonymous_4)
FNDA:0,(anonymous_5)
FNDA:0,(anonymous_6)
FNDA:0,(anonymous_7)
FNDA:0,(anonymous_8)
FNDA:0,(anonymous_9)
FNDA:0,(anonymous_10)
FNDA:0,(anonymous_11)
FNDA:0,(anonymous_12)
FNDA:0,(anonymous_13)
FNDA:0,(anonymous_14)
FNDA:0,(anonymous_15)
FNDA:0,(anonymous_16)
FNDA:0,(anonymous_17)
FNDA:0,(anonymous_18)
FNDA:0,(anonymous_19)
FNDA:0,(anonymous_20)
FNDA:0,(anonymous_21)
FNDA:0,(anonymous_22)
FNDA:0,(anonymous_23)
FNDA:0,(anonymous_24)
FNDA:0,(anonymous_25)
FNDA:0,(anonymous_26)
FNDA:0,(anonymous_27)
FNDA:0,(anonymous_28)
DA:1,1
DA:2,1
DA:4,1
DA:9,0
DA:10,0
DA:22,0
DA:23,0
DA:25,0
DA:31,0
DA:32,0
DA:36,0
DA:37,0
DA:39,0
DA:45,0
DA:46,0
DA:47,0
DA:55,0
DA:56,0
DA:58,0
DA:62,0
DA:68,0
DA:69,0
DA:70,0
DA:74,0
DA:75,0
DA:77,0
DA:81,0
DA:87,0
DA:88,0
DA:101,0
DA:102,0
DA:105,0
DA:112,0
DA:113,0
DA:114,0
DA:115,0
DA:116,0
DA:118,0
DA:122,0
DA:128,0
DA:129,0
DA:130,0
DA:131,0
DA:132,0
DA:134,0
DA:137,0
DA:144,0
DA:145,0
DA:146,0
DA:150,0
DA:151,0
DA:153,0
DA:157,0
DA:163,0
DA:164,0
DA:165,0
DA:169,0
DA:170,0
DA:173,0
DA:176,0
DA:182,0
DA:183,0
DA:184,0
DA:192,0
DA:193,0
DA:195,0
DA:199,0
DA:205,0
DA:206,0
DA:207,0
DA:211,0
DA:212,0
DA:213,0
DA:215,0
DA:218,0
DA:224,0
DA:225,0
DA:226,0
DA:230,0
DA:231,0
DA:233,0
DA:236,0
DA:242,0
DA:243,0
DA:244,0
DA:248,0
DA:249,0
DA:251,0
DA:254,0
DA:256,0
DA:259,0
DA:263,0
DA:266,0
DA:271,0
DA:272,0
DA:273,0
DA:277,0
DA:278,0
DA:280,0
DA:284,0
DA:290,0
DA:291,0
DA:292,0
DA:296,0
DA:297,0
DA:299,0
DA:301,0
DA:303,0
DA:306,0
DA:310,0
DA:315,0
DA:321,0
DA:322,0
DA:323,0
DA:327,0
DA:328,0
DA:330,0
DA:334,0
DA:339,0
DA:340,0
DA:344,0
DA:345,0
DA:347,0
DA:354,0
DA:355,0
DA:361,0
DA:362,0
DA:364,0
DA:369,0
DA:370,0
DA:376,0
DA:377,0
DA:379,0
LF:133
LH:3
BRDA:22,1,0,0
BRDA:22,1,1,0
BRDA:36,2,0,0
BRDA:36,2,1,0
BRDA:55,3,0,0
BRDA:55,3,1,0
BRDA:74,4,0,0
BRDA:74,4,1,0
BRDA:101,5,0,0
BRDA:101,5,1,0
BRDA:115,6,0,0
BRDA:115,6,1,0
BRDA:131,7,0,0
BRDA:131,7,1,0
BRDA:150,8,0,0
BRDA:150,8,1,0
BRDA:169,9,0,0
BRDA:169,9,1,0
BRDA:192,10,0,0
BRDA:192,10,1,0
BRDA:211,11,0,0
BRDA:211,11,1,0
BRDA:230,12,0,0
BRDA:230,12,1,0
BRDA:248,13,0,0
BRDA:248,13,1,0
BRDA:251,14,0,0
BRDA:251,14,1,0
BRDA:277,15,0,0
BRDA:277,15,1,0
BRDA:296,16,0,0
BRDA:296,16,1,0
BRDA:299,17,0,0
BRDA:299,17,1,0
BRDA:327,18,0,0
BRDA:327,18,1,0
BRDA:344,19,0,0
BRDA:344,19,1,0
BRDA:361,20,0,0
BRDA:361,20,1,0
BRDA:376,21,0,0
BRDA:376,21,1,0
BRF:42
BRH:0
end_of_record
TN:
SF:/Applications/MAMP/htdocs/BackEndProject/model/GroupModel.js
FNF:0
FNH:0
DA:1,1
DA:2,1
DA:4,1
DA:6,1
DA:29,1
LF:5
LH:5
BRF:0
BRH:0
end_of_record
TN:
SF:/Applications/MAMP/htdocs/BackEndProject/service/UserService.js
FN:4,(anonymous_1)
FN:7,(anonymous_2)
FN:63,(anonymous_3)
FN:87,(anonymous_4)
FN:94,(anonymous_5)
FNF:5
FNH:0
FNDA:0,(anonymous_1)
FNDA:0,(anonymous_2)
FNDA:0,(anonymous_3)
FNDA:0,(anonymous_4)
FNDA:0,(anonymous_5)
DA:1,1
DA:3,1
DA:5,0
DA:8,0
DA:9,0
DA:11,0
DA:12,0
DA:13,0
DA:14,0
DA:15,0
DA:17,0
DA:18,0
DA:21,0
DA:25,0
DA:32,0
DA:33,0
DA:34,0
DA:35,0
DA:37,0
DA:39,0
DA:41,0
DA:42,0
DA:46,0
DA:49,0
DA:53,0
DA:59,0
DA:64,0
DA:65,0
DA:66,0
DA:67,0
DA:68,0
DA:70,0
DA:80,0
DA:83,0
DA:88,0
DA:89,0
DA:90,0
DA:91,0
DA:95,0
DA:96,0
DA:97,0
DA:98,0
LF:42
LH:2
BRDA:11,1,0,0
BRDA:11,1,1,0
BRDA:41,2,0,0
BRDA:41,2,1,0
BRF:4
BRH:0
end_of_record
TN:
SF:/Applications/MAMP/htdocs/BackEndProject/repository/UserRepository.js
FN:5,(anonymous_1)
FN:6,(anonymous_2)
FN:21,(anonymous_3)
FN:40,(anonymous_4)
FN:49,(anonymous_5)
FN:57,(anonymous_6)
FN:61,(anonymous_7)
FN:69,(anonymous_8)
FN:73,(anonymous_9)
FN:81,(anonymous_10)
FN:96,(anonymous_11)
FN:106,(anonymous_12)
FN:112,(anonymous_13)
FN:118,(anonymous_14)
FNF:14
FNH:0
FNDA:0,(anonymous_1)
FNDA:0,(anonymous_2)
FNDA:0,(anonymous_3)
FNDA:0,(anonymous_4)
FNDA:0,(anonymous_5)
FNDA:0,(anonymous_6)
FNDA:0,(anonymous_7)
FNDA:0,(anonymous_8)
FNDA:0,(anonymous_9)
FNDA:0,(anonymous_10)
FNDA:0,(anonymous_11)
FNDA:0,(anonymous_12)
FNDA:0,(anonymous_13)
FNDA:0,(anonymous_14)
DA:1,1
DA:2,1
DA:4,1
DA:7,0
DA:9,0
DA:13,0
DA:14,0
DA:16,0
DA:22,0
DA:23,0
DA:31,0
DA:32,0
DA:33,0
DA:35,0
DA:41,0
DA:42,0
DA:49,0
DA:50,0
DA:51,0
DA:53,0
DA:58,0
DA:59,0
DA:60,0
DA:62,0
DA:63,0
DA:65,0
DA:70,0
DA:71,0
DA:72,0
DA:74,0
DA:75,0
DA:77,0
DA:82,0
DA:83,0
DA:88,0
DA:89,0
DA:92,0
DA:97,0
DA:98,0
DA:99,0
DA:100,0
DA:102,0
DA:107,0
DA:113,0
DA:119,0
LF:45
LH:3
BRDA:13,1,0,0
BRDA:13,1,1,0
BRDA:32,2,0,0
BRDA:32,2,1,0
BRDA:50,3,0,0
BRDA:50,3,1,0
BRDA:62,4,0,0
BRDA:62,4,1,0
BRDA:74,5,0,0
BRDA:74,5,1,0
BRDA:88,6,0,0
BRDA:88,6,1,0
BRDA:99,7,0,0
BRDA:99,7,1,0
BRF:14
BRH:0
end_of_record
TN:
SF:/Applications/MAMP/htdocs/BackEndProject/model/UserModel.js
FNF:0
FNH:0
DA:1,1
DA:2,1
DA:4,1
DA:14,1
LF:4
LH:4
BRF:0
BRH:0
end_of_record
